 03-03-17,00:00:44,Ch6,T. UNDER
 03-03-17,00:01:45,Ch6,T. UNDER
 03-03-17,00:02:45,Ch6,T. UNDER
 03-03-17,00:03:45,Ch6,T. UNDER
 03-03-17,00:04:45,Ch6,T. UNDER
 03-03-17,00:05:45,Ch6,T. UNDER
 03-03-17,00:06:45,Ch6,T. UNDER
 03-03-17,00:07:45,Ch6,T. UNDER
 03-03-17,00:08:45,Ch6,T. UNDER
 03-03-17,00:09:45,Ch6,T. UNDER
 03-03-17,00:10:46,Ch6,T. UNDER
 03-03-17,00:11:46,Ch6,T. UNDER
 03-03-17,00:12:46,Ch6,T. UNDER
 03-03-17,00:13:46,Ch6,T. UNDER
 03-03-17,00:14:47,Ch6,T. UNDER
 03-03-17,00:15:47,Ch6,T. UNDER
 03-03-17,00:16:47,Ch6,T. UNDER
 03-03-17,00:17:47,Ch6,T. UNDER
 03-03-17,00:18:47,Ch6,T. UNDER
 03-03-17,00:19:47,Ch6,T. UNDER
 03-03-17,00:20:47,Ch6,T. UNDER
 03-03-17,00:21:47,Ch6,T. UNDER
 03-03-17,00:22:47,Ch6,T. UNDER
 03-03-17,00:23:48,Ch6,T. UNDER
 03-03-17,00:24:48,Ch6,T. UNDER
 03-03-17,00:25:48,Ch6,T. UNDER
 03-03-17,00:26:48,Ch6,T. UNDER
 03-03-17,00:27:48,Ch6,T. UNDER
 03-03-17,00:28:48,Ch6,T. UNDER
 03-03-17,00:29:49,Ch6,T. UNDER
 03-03-17,00:30:49,Ch6,T. UNDER
 03-03-17,00:31:49,Ch6,T. UNDER
 03-03-17,00:32:49,Ch6,T. UNDER
 03-03-17,00:33:49,Ch6,T. UNDER
 03-03-17,00:34:49,Ch6,T. UNDER
 03-03-17,00:35:49,Ch6,T. UNDER
 03-03-17,00:36:50,Ch6,T. UNDER
 03-03-17,00:37:50,Ch6,T. UNDER
 03-03-17,00:38:50,Ch6,T. UNDER
 03-03-17,00:39:50,Ch6,T. UNDER
 03-03-17,00:40:50,Ch6,T. UNDER
 03-03-17,00:41:50,Ch6,T. UNDER
 03-03-17,00:42:50,Ch6,T. UNDER
 03-03-17,00:43:50,Ch6,T. UNDER
 03-03-17,00:44:51,Ch6,T. UNDER
 03-03-17,00:45:51,Ch6,T. UNDER
 03-03-17,00:46:51,Ch6,T. UNDER
 03-03-17,00:47:51,Ch6,T. UNDER
 03-03-17,00:48:51,Ch6,T. UNDER
 03-03-17,00:49:52,Ch6,T. UNDER
 03-03-17,00:50:52,Ch6,T. UNDER
 03-03-17,00:51:52,Ch6,T. UNDER
 03-03-17,00:52:52,Ch6,T. UNDER
 03-03-17,00:53:52,Ch6,T. UNDER
 03-03-17,00:54:52,Ch6,T. UNDER
 03-03-17,00:55:52,Ch6,T. UNDER
 03-03-17,00:56:53,Ch6,T. UNDER
 03-03-17,00:57:53,Ch6,T. UNDER
 03-03-17,00:58:53,Ch6,T. UNDER
 03-03-17,00:59:53,Ch6,T. UNDER
 03-03-17,01:00:53,Ch6,T. UNDER
 03-03-17,01:01:53,Ch6,T. UNDER
 03-03-17,01:02:53,Ch6,T. UNDER
 03-03-17,01:03:53,Ch6,T. UNDER
 03-03-17,01:04:54,Ch6,T. UNDER
 03-03-17,01:05:54,Ch6,T. UNDER
 03-03-17,01:06:54,Ch6,T. UNDER
 03-03-17,01:07:54,Ch6,T. UNDER
 03-03-17,01:08:54,Ch6,T. UNDER
 03-03-17,01:09:54,Ch6,T. UNDER
 03-03-17,01:10:55,Ch6,T. UNDER
 03-03-17,01:11:55,Ch6,T. UNDER
 03-03-17,01:12:55,Ch6,T. UNDER
 03-03-17,01:13:55,Ch6,T. UNDER
 03-03-17,01:14:55,Ch6,T. UNDER
 03-03-17,01:15:55,Ch6,T. UNDER
 03-03-17,01:16:56,Ch6,T. UNDER
 03-03-17,01:17:56,Ch6,T. UNDER
 03-03-17,01:18:56,Ch6,T. UNDER
 03-03-17,01:19:56,Ch6,T. UNDER
 03-03-17,01:20:56,Ch6,T. UNDER
 03-03-17,01:21:56,Ch6,T. UNDER
 03-03-17,01:22:56,Ch6,T. UNDER
 03-03-17,01:23:57,Ch6,T. UNDER
 03-03-17,01:24:57,Ch6,T. UNDER
 03-03-17,01:25:57,Ch6,T. UNDER
 03-03-17,01:26:57,Ch6,T. UNDER
 03-03-17,01:27:57,Ch6,T. UNDER
 03-03-17,01:28:57,Ch6,T. UNDER
 03-03-17,01:29:58,Ch6,T. UNDER
 03-03-17,01:30:58,Ch6,T. UNDER
 03-03-17,01:31:58,Ch6,T. UNDER
 03-03-17,01:32:58,Ch6,T. UNDER
 03-03-17,01:33:58,Ch6,T. UNDER
 03-03-17,01:34:58,Ch6,T. UNDER
 03-03-17,01:35:58,Ch6,T. UNDER
 03-03-17,01:36:59,Ch6,T. UNDER
 03-03-17,01:37:59,Ch6,T. UNDER
 03-03-17,01:38:59,Ch6,T. UNDER
 03-03-17,01:39:59,Ch6,T. UNDER
 03-03-17,01:40:59,Ch6,T. UNDER
 03-03-17,01:41:59,Ch6,T. UNDER
 03-03-17,01:43:00,Ch6,T. UNDER
 03-03-17,01:44:00,Ch6,T. UNDER
 03-03-17,01:45:00,Ch6,T. UNDER
 03-03-17,01:46:00,Ch6,T. UNDER
 03-03-17,01:47:00,Ch6,T. UNDER
 03-03-17,01:48:00,Ch6,T. UNDER
 03-03-17,01:49:00,Ch6,T. UNDER
 03-03-17,01:50:01,Ch6,T. UNDER
 03-03-17,01:51:01,Ch6,T. UNDER
 03-03-17,01:52:01,Ch6,T. UNDER
 03-03-17,01:53:01,Ch6,T. UNDER
 03-03-17,01:54:01,Ch6,T. UNDER
 03-03-17,01:55:01,Ch6,T. UNDER
 03-03-17,01:56:02,Ch6,T. UNDER
 03-03-17,01:57:02,Ch6,T. UNDER
 03-03-17,01:58:02,Ch6,T. UNDER
 03-03-17,01:59:02,Ch6,T. UNDER
 03-03-17,02:00:02,Ch6,T. UNDER
 03-03-17,02:01:02,Ch6,T. UNDER
 03-03-17,02:02:03,Ch6,T. UNDER
 03-03-17,02:03:03,Ch6,T. UNDER
 03-03-17,02:04:03,Ch6,T. UNDER
 03-03-17,02:05:03,Ch6,T. UNDER
 03-03-17,02:06:03,Ch6,T. UNDER
 03-03-17,02:07:03,Ch6,T. UNDER
 03-03-17,02:08:03,Ch6,T. UNDER
 03-03-17,02:09:04,Ch6,T. UNDER
 03-03-17,02:10:04,Ch6,T. UNDER
 03-03-17,02:11:04,Ch6,T. UNDER
 03-03-17,02:12:04,Ch6,T. UNDER
 03-03-17,02:13:04,Ch6,T. UNDER
 03-03-17,02:14:05,Ch6,T. UNDER
 03-03-17,02:15:05,Ch6,T. UNDER
 03-03-17,02:16:05,Ch6,T. UNDER
 03-03-17,02:17:05,Ch6,T. UNDER
 03-03-17,02:18:05,Ch6,T. UNDER
 03-03-17,02:19:05,Ch6,T. UNDER
 03-03-17,02:20:05,Ch6,T. UNDER
 03-03-17,02:21:05,Ch6,T. UNDER
 03-03-17,02:22:06,Ch6,T. UNDER
 03-03-17,02:23:06,Ch6,T. UNDER
 03-03-17,02:24:06,Ch6,T. UNDER
 03-03-17,02:25:06,Ch6,T. UNDER
 03-03-17,02:26:06,Ch6,T. UNDER
 03-03-17,02:27:06,Ch6,T. UNDER
 03-03-17,02:28:06,Ch6,T. UNDER
 03-03-17,02:29:06,Ch6,T. UNDER
 03-03-17,02:30:06,Ch6,T. UNDER
 03-03-17,02:31:07,Ch6,T. UNDER
 03-03-17,02:32:07,Ch6,T. UNDER
 03-03-17,02:33:07,Ch6,T. UNDER
 03-03-17,02:34:07,Ch6,T. UNDER
 03-03-17,02:35:07,Ch6,T. UNDER
 03-03-17,02:36:07,Ch6,T. UNDER
 03-03-17,02:37:07,Ch6,T. UNDER
 03-03-17,02:38:08,Ch6,T. UNDER
 03-03-17,02:39:08,Ch6,T. UNDER
 03-03-17,02:40:08,Ch6,T. UNDER
 03-03-17,02:41:08,Ch6,T. UNDER
 03-03-17,02:42:08,Ch6,T. UNDER
 03-03-17,02:43:08,Ch6,T. UNDER
 03-03-17,02:44:08,Ch6,T. UNDER
 03-03-17,02:45:08,Ch6,T. UNDER
 03-03-17,02:46:09,Ch6,T. UNDER
 03-03-17,02:47:09,Ch6,T. UNDER
 03-03-17,02:48:09,Ch6,T. UNDER
 03-03-17,02:49:09,Ch6,T. UNDER
 03-03-17,02:50:09,Ch6,T. UNDER
 03-03-17,02:51:10,Ch6,T. UNDER
 03-03-17,02:52:10,Ch6,T. UNDER
 03-03-17,02:53:10,Ch6,T. UNDER
 03-03-17,02:54:10,Ch6,T. UNDER
 03-03-17,02:55:10,Ch6,T. UNDER
 03-03-17,02:56:10,Ch6,T. UNDER
 03-03-17,02:57:10,Ch6,T. UNDER
 03-03-17,02:58:11,Ch6,T. UNDER
 03-03-17,02:59:11,Ch6,T. UNDER
 03-03-17,03:00:11,Ch6,T. UNDER
 03-03-17,03:01:11,Ch6,T. UNDER
 03-03-17,03:02:11,Ch6,T. UNDER
 03-03-17,03:03:11,Ch6,T. UNDER
 03-03-17,03:04:11,Ch6,T. UNDER
 03-03-17,03:05:12,Ch6,T. UNDER
 03-03-17,03:06:12,Ch6,T. UNDER
 03-03-17,03:07:12,Ch6,T. UNDER
 03-03-17,03:08:12,Ch6,T. UNDER
 03-03-17,03:09:12,Ch6,T. UNDER
 03-03-17,03:10:13,Ch6,T. UNDER
 03-03-17,03:11:13,Ch6,T. UNDER
 03-03-17,03:12:13,Ch6,T. UNDER
 03-03-17,03:13:13,Ch6,T. UNDER
 03-03-17,03:14:13,Ch6,T. UNDER
 03-03-17,03:15:13,Ch6,T. UNDER
 03-03-17,03:16:13,Ch6,T. UNDER
 03-03-17,03:17:13,Ch6,T. UNDER
 03-03-17,03:18:13,Ch6,T. UNDER
 03-03-17,03:19:14,Ch6,T. UNDER
 03-03-17,03:20:14,Ch6,T. UNDER
 03-03-17,03:21:14,Ch6,T. UNDER
 03-03-17,03:22:14,Ch6,T. UNDER
 03-03-17,03:23:14,Ch6,T. UNDER
 03-03-17,03:24:14,Ch6,T. UNDER
 03-03-17,03:25:15,Ch6,T. UNDER
 03-03-17,03:26:15,Ch6,T. UNDER
 03-03-17,03:27:15,Ch6,T. UNDER
 03-03-17,03:28:15,Ch6,T. UNDER
 03-03-17,03:29:15,Ch6,T. UNDER
 03-03-17,03:30:15,Ch6,T. UNDER
 03-03-17,03:31:15,Ch6,T. UNDER
 03-03-17,03:32:15,Ch6,T. UNDER
 03-03-17,03:33:15,Ch6,T. UNDER
 03-03-17,03:34:16,Ch6,T. UNDER
 03-03-17,03:35:16,Ch6,T. UNDER
 03-03-17,03:36:16,Ch6,T. UNDER
 03-03-17,03:37:16,Ch6,T. UNDER
 03-03-17,03:38:16,Ch6,T. UNDER
 03-03-17,03:39:16,Ch6,T. UNDER
 03-03-17,03:40:16,Ch6,T. UNDER
 03-03-17,03:41:16,Ch6,T. UNDER
 03-03-17,03:42:17,Ch6,T. UNDER
 03-03-17,03:43:17,Ch6,T. UNDER
 03-03-17,03:44:17,Ch6,T. UNDER
 03-03-17,03:45:17,Ch6,T. UNDER
 03-03-17,03:46:17,Ch6,T. UNDER
 03-03-17,03:47:17,Ch6,T. UNDER
 03-03-17,03:48:18,Ch6,T. UNDER
 03-03-17,03:49:18,Ch6,T. UNDER
 03-03-17,03:50:18,Ch6,T. UNDER
 03-03-17,03:51:18,Ch6,T. UNDER
 03-03-17,03:52:18,Ch6,T. UNDER
 03-03-17,03:53:18,Ch6,T. UNDER
 03-03-17,03:54:19,Ch6,T. UNDER
 03-03-17,03:55:19,Ch6,T. UNDER
 03-03-17,03:56:19,Ch6,T. UNDER
 03-03-17,03:57:19,Ch6,T. UNDER
 03-03-17,03:58:19,Ch6,T. UNDER
 03-03-17,03:59:19,Ch6,T. UNDER
 03-03-17,04:00:19,Ch6,T. UNDER
 03-03-17,04:01:20,Ch6,T. UNDER
 03-03-17,04:02:20,Ch6,T. UNDER
 03-03-17,04:03:20,Ch6,T. UNDER
 03-03-17,04:04:20,Ch6,T. UNDER
 03-03-17,04:05:20,Ch6,T. UNDER
 03-03-17,04:06:20,Ch6,T. UNDER
 03-03-17,04:07:20,Ch6,T. UNDER
 03-03-17,04:08:20,Ch6,T. UNDER
 03-03-17,04:09:20,Ch6,T. UNDER
 03-03-17,04:10:21,Ch6,T. UNDER
 03-03-17,04:11:21,Ch6,T. UNDER
 03-03-17,04:12:21,Ch6,T. UNDER
 03-03-17,04:13:21,Ch6,T. UNDER
 03-03-17,04:14:21,Ch6,T. UNDER
 03-03-17,04:15:21,Ch6,T. UNDER
 03-03-17,04:16:21,Ch6,T. UNDER
 03-03-17,04:17:22,Ch6,T. UNDER
 03-03-17,04:18:22,Ch6,T. UNDER
 03-03-17,04:19:22,Ch6,T. UNDER
 03-03-17,04:20:22,Ch6,T. UNDER
 03-03-17,04:21:22,Ch6,T. UNDER
 03-03-17,04:22:22,Ch6,T. UNDER
 03-03-17,04:23:22,Ch6,T. UNDER
 03-03-17,04:24:22,Ch6,T. UNDER
 03-03-17,04:25:23,Ch6,T. UNDER
 03-03-17,04:26:23,Ch6,T. UNDER
 03-03-17,04:27:23,Ch6,T. UNDER
 03-03-17,04:28:23,Ch6,T. UNDER
 03-03-17,04:29:23,Ch6,T. UNDER
 03-03-17,04:30:23,Ch6,T. UNDER
 03-03-17,04:31:23,Ch6,T. UNDER
 03-03-17,04:32:23,Ch6,T. UNDER
 03-03-17,04:33:23,Ch6,T. UNDER
 03-03-17,04:34:24,Ch6,T. UNDER
 03-03-17,04:35:24,Ch6,T. UNDER
 03-03-17,04:36:24,Ch6,T. UNDER
 03-03-17,04:37:24,Ch6,T. UNDER
 03-03-17,04:38:24,Ch6,T. UNDER
 03-03-17,04:39:24,Ch6,T. UNDER
 03-03-17,04:40:24,Ch6,T. UNDER
 03-03-17,04:41:25,Ch6,T. UNDER
 03-03-17,04:42:25,Ch6,T. UNDER
 03-03-17,04:43:25,Ch6,T. UNDER
 03-03-17,04:44:25,Ch6,T. UNDER
 03-03-17,04:45:25,Ch6,T. UNDER
 03-03-17,04:46:25,Ch6,T. UNDER
 03-03-17,04:47:26,Ch6,T. UNDER
 03-03-17,04:48:26,Ch6,T. UNDER
 03-03-17,04:49:26,Ch6,T. UNDER
 03-03-17,04:50:26,Ch6,T. UNDER
 03-03-17,04:51:26,Ch6,T. UNDER
 03-03-17,04:52:27,Ch6,T. UNDER
 03-03-17,04:53:27,Ch6,T. UNDER
 03-03-17,04:54:27,Ch6,T. UNDER
 03-03-17,04:55:27,Ch6,T. UNDER
 03-03-17,04:56:27,Ch6,T. UNDER
 03-03-17,04:57:27,Ch6,T. UNDER
 03-03-17,04:58:27,Ch6,T. UNDER
 03-03-17,04:59:27,Ch6,T. UNDER
 03-03-17,05:00:28,Ch6,T. UNDER
 03-03-17,05:01:28,Ch6,T. UNDER
 03-03-17,05:02:28,Ch6,T. UNDER
 03-03-17,05:03:28,Ch6,T. UNDER
 03-03-17,05:04:28,Ch6,T. UNDER
 03-03-17,05:05:28,Ch6,T. UNDER
 03-03-17,05:06:29,Ch6,T. UNDER
 03-03-17,05:07:29,Ch6,T. UNDER
 03-03-17,05:08:29,Ch6,T. UNDER
 03-03-17,05:09:29,Ch6,T. UNDER
 03-03-17,05:10:29,Ch6,T. UNDER
 03-03-17,05:11:29,Ch6,T. UNDER
 03-03-17,05:12:29,Ch6,T. UNDER
 03-03-17,05:13:30,Ch6,T. UNDER
 03-03-17,05:14:30,Ch6,T. UNDER
 03-03-17,05:15:30,Ch6,T. UNDER
 03-03-17,05:16:30,Ch6,T. UNDER
 03-03-17,05:17:30,Ch6,T. UNDER
 03-03-17,05:18:30,Ch6,T. UNDER
 03-03-17,05:19:31,Ch6,T. UNDER
 03-03-17,05:20:31,Ch6,T. UNDER
 03-03-17,05:21:31,Ch6,T. UNDER
 03-03-17,05:22:31,Ch6,T. UNDER
 03-03-17,05:23:31,Ch6,T. UNDER
 03-03-17,05:24:31,Ch6,T. UNDER
 03-03-17,05:25:32,Ch6,T. UNDER
 03-03-17,05:26:32,Ch6,T. UNDER
 03-03-17,05:27:32,Ch6,T. UNDER
 03-03-17,05:28:32,Ch6,T. UNDER
 03-03-17,05:29:32,Ch6,T. UNDER
 03-03-17,05:30:32,Ch6,T. UNDER
 03-03-17,05:31:32,Ch6,T. UNDER
 03-03-17,05:32:33,Ch6,T. UNDER
 03-03-17,05:33:33,Ch6,T. UNDER
 03-03-17,05:34:33,Ch6,T. UNDER
 03-03-17,05:35:33,Ch6,T. UNDER
 03-03-17,05:36:33,Ch6,T. UNDER
 03-03-17,05:37:33,Ch6,T. UNDER
 03-03-17,05:38:34,Ch6,T. UNDER
 03-03-17,05:39:34,Ch6,T. UNDER
 03-03-17,05:40:34,Ch6,T. UNDER
 03-03-17,05:41:34,Ch6,T. UNDER
 03-03-17,05:42:34,Ch6,T. UNDER
 03-03-17,05:43:34,Ch6,T. UNDER
 03-03-17,05:44:34,Ch6,T. UNDER
 03-03-17,05:45:35,Ch6,T. UNDER
 03-03-17,05:46:35,Ch6,T. UNDER
 03-03-17,05:47:35,Ch6,T. UNDER
 03-03-17,05:48:35,Ch6,T. UNDER
 03-03-17,05:49:35,Ch6,T. UNDER
 03-03-17,05:50:35,Ch6,T. UNDER
 03-03-17,05:51:36,Ch6,T. UNDER
 03-03-17,05:52:36,Ch6,T. UNDER
 03-03-17,05:53:36,Ch6,T. UNDER
 03-03-17,05:54:36,Ch6,T. UNDER
 03-03-17,05:55:36,Ch6,T. UNDER
 03-03-17,05:56:36,Ch6,T. UNDER
 03-03-17,05:57:36,Ch6,T. UNDER
 03-03-17,05:58:37,Ch6,T. UNDER
 03-03-17,05:59:37,Ch6,T. UNDER
 03-03-17,06:00:37,Ch6,T. UNDER
 03-03-17,06:01:37,Ch6,T. UNDER
 03-03-17,06:02:37,Ch6,T. UNDER
 03-03-17,06:03:37,Ch6,T. UNDER
 03-03-17,06:04:37,Ch6,T. UNDER
 03-03-17,06:05:38,Ch6,T. UNDER
 03-03-17,06:06:38,Ch6,T. UNDER
 03-03-17,06:07:38,Ch6,T. UNDER
 03-03-17,06:08:38,Ch6,T. UNDER
 03-03-17,06:09:38,Ch6,T. UNDER
 03-03-17,06:10:38,Ch6,T. UNDER
 03-03-17,06:11:39,Ch6,T. UNDER
 03-03-17,06:12:39,Ch6,T. UNDER
 03-03-17,06:13:39,Ch6,T. UNDER
 03-03-17,06:14:39,Ch6,T. UNDER
 03-03-17,06:15:39,Ch6,T. UNDER
 03-03-17,06:16:39,Ch6,T. UNDER
 03-03-17,06:17:39,Ch6,T. UNDER
 03-03-17,06:18:39,Ch6,T. UNDER
 03-03-17,06:19:40,Ch6,T. UNDER
 03-03-17,06:20:40,Ch6,T. UNDER
 03-03-17,06:21:40,Ch6,T. UNDER
 03-03-17,06:22:40,Ch6,T. UNDER
 03-03-17,06:23:40,Ch6,T. UNDER
 03-03-17,06:24:40,Ch6,T. UNDER
 03-03-17,06:25:40,Ch6,T. UNDER
 03-03-17,06:26:41,Ch6,T. UNDER
 03-03-17,06:27:41,Ch6,T. UNDER
 03-03-17,06:28:41,Ch6,T. UNDER
 03-03-17,06:29:41,Ch6,T. UNDER
 03-03-17,06:30:41,Ch6,T. UNDER
 03-03-17,06:31:41,Ch6,T. UNDER
 03-03-17,06:32:41,Ch6,T. UNDER
 03-03-17,06:33:42,Ch6,T. UNDER
 03-03-17,06:34:42,Ch6,T. UNDER
 03-03-17,06:35:42,Ch6,T. UNDER
 03-03-17,06:36:42,Ch6,T. UNDER
 03-03-17,06:37:42,Ch6,T. UNDER
 03-03-17,06:38:42,Ch6,T. UNDER
 03-03-17,06:39:43,Ch6,T. UNDER
 03-03-17,06:40:43,Ch6,T. UNDER
 03-03-17,06:41:43,Ch6,T. UNDER
 03-03-17,06:42:43,Ch6,T. UNDER
 03-03-17,06:43:43,Ch6,T. UNDER
 03-03-17,06:44:43,Ch6,T. UNDER
 03-03-17,06:45:44,Ch6,T. UNDER
 03-03-17,06:46:44,Ch6,T. UNDER
 03-03-17,06:47:44,Ch6,T. UNDER
 03-03-17,06:48:44,Ch6,T. UNDER
 03-03-17,06:49:45,Ch6,T. UNDER
 03-03-17,06:50:45,Ch6,T. UNDER
 03-03-17,06:51:45,Ch6,T. UNDER
 03-03-17,06:52:45,Ch6,T. UNDER
 03-03-17,06:53:45,Ch6,T. UNDER
 03-03-17,06:54:45,Ch6,T. UNDER
 03-03-17,06:55:45,Ch6,T. UNDER
 03-03-17,06:56:46,Ch6,T. UNDER
 03-03-17,06:57:46,Ch6,T. UNDER
 03-03-17,06:58:46,Ch6,T. UNDER
 03-03-17,06:59:46,Ch6,T. UNDER
 03-03-17,07:00:46,Ch6,T. UNDER
 03-03-17,07:01:46,Ch6,T. UNDER
 03-03-17,07:02:46,Ch6,T. UNDER
 03-03-17,07:03:47,Ch6,T. UNDER
 03-03-17,07:04:47,Ch6,T. UNDER
 03-03-17,07:05:47,Ch6,T. UNDER
 03-03-17,07:06:47,Ch6,T. UNDER
 03-03-17,07:07:47,Ch6,T. UNDER
 03-03-17,07:08:47,Ch6,T. UNDER
 03-03-17,07:09:48,Ch6,T. UNDER
 03-03-17,07:10:48,Ch6,T. UNDER
 03-03-17,07:11:48,Ch6,T. UNDER
 03-03-17,07:12:48,Ch6,T. UNDER
 03-03-17,07:13:48,Ch6,T. UNDER
 03-03-17,07:14:48,Ch6,T. UNDER
 03-03-17,07:15:48,Ch6,T. UNDER
 03-03-17,07:16:49,Ch6,T. UNDER
 03-03-17,07:17:49,Ch6,T. UNDER
 03-03-17,07:18:49,Ch6,T. UNDER
 03-03-17,07:19:49,Ch6,T. UNDER
 03-03-17,07:20:49,Ch6,T. UNDER
 03-03-17,07:21:49,Ch6,T. UNDER
 03-03-17,07:22:50,Ch6,T. UNDER
 03-03-17,07:23:50,Ch6,T. UNDER
 03-03-17,07:24:50,Ch6,T. UNDER
 03-03-17,07:25:50,Ch6,T. UNDER
 03-03-17,07:26:50,Ch6,T. UNDER
 03-03-17,07:27:50,Ch6,T. UNDER
 03-03-17,07:28:51,Ch6,T. UNDER
 03-03-17,07:29:51,Ch6,T. UNDER
 03-03-17,07:30:51,Ch6,T. UNDER
 03-03-17,07:31:51,Ch6,T. UNDER
 03-03-17,07:32:51,Ch6,T. UNDER
 03-03-17,07:33:51,Ch6,T. UNDER
 03-03-17,07:34:51,Ch6,T. UNDER
 03-03-17,07:35:52,Ch6,T. UNDER
 03-03-17,07:36:52,Ch6,T. UNDER
 03-03-17,07:37:52,Ch6,T. UNDER
 03-03-17,07:38:52,Ch6,T. UNDER
 03-03-17,07:39:52,Ch6,T. UNDER
 03-03-17,07:40:52,Ch6,T. UNDER
 03-03-17,07:41:53,Ch6,T. UNDER
 03-03-17,07:42:53,Ch6,T. UNDER
 03-03-17,07:43:53,Ch6,T. UNDER
 03-03-17,07:44:53,Ch6,T. UNDER
 03-03-17,07:45:53,Ch6,T. UNDER
 03-03-17,07:46:53,Ch6,T. UNDER
 03-03-17,07:47:54,Ch6,T. UNDER
 03-03-17,07:48:54,Ch6,T. UNDER
 03-03-17,07:49:54,Ch6,T. UNDER
 03-03-17,07:50:54,Ch6,T. UNDER
 03-03-17,07:51:54,Ch6,T. UNDER
 03-03-17,07:52:54,Ch6,T. UNDER
 03-03-17,07:53:54,Ch6,T. UNDER
 03-03-17,07:54:55,Ch6,T. UNDER
 03-03-17,07:55:55,Ch6,T. UNDER
 03-03-17,07:56:55,Ch6,T. UNDER
 03-03-17,07:57:55,Ch6,T. UNDER
 03-03-17,07:58:55,Ch6,T. UNDER
 03-03-17,07:59:56,Ch6,T. UNDER
 03-03-17,08:00:56,Ch6,T. UNDER
 03-03-17,08:01:56,Ch6,T. UNDER
 03-03-17,08:02:56,Ch6,T. UNDER
 03-03-17,08:03:56,Ch6,T. UNDER
 03-03-17,08:04:56,Ch6,T. UNDER
 03-03-17,08:05:56,Ch6,T. UNDER
 03-03-17,08:06:56,Ch6,T. UNDER
 03-03-17,08:07:57,Ch6,T. UNDER
 03-03-17,08:08:57,Ch6,T. UNDER
 03-03-17,08:09:57,Ch6,T. UNDER
 03-03-17,08:10:57,Ch6,T. UNDER
 03-03-17,08:11:57,Ch6,T. UNDER
 03-03-17,08:12:57,Ch6,T. UNDER
 03-03-17,08:13:57,Ch6,T. UNDER
 03-03-17,08:14:58,Ch6,T. UNDER
 03-03-17,08:15:58,Ch6,T. UNDER
 03-03-17,08:16:58,Ch6,T. UNDER
 03-03-17,08:17:58,Ch6,T. UNDER
 03-03-17,08:18:58,Ch6,T. UNDER
 03-03-17,08:19:58,Ch6,T. UNDER
 03-03-17,08:20:58,Ch6,T. UNDER
 03-03-17,08:21:59,Ch6,T. UNDER
 03-03-17,08:22:59,Ch6,T. UNDER
 03-03-17,08:23:59,Ch6,T. UNDER
 03-03-17,08:24:59,Ch6,T. UNDER
 03-03-17,08:25:59,Ch6,T. UNDER
 03-03-17,08:26:59,Ch6,T. UNDER
 03-03-17,08:27:59,Ch6,T. UNDER
 03-03-17,08:29:00,Ch6,T. UNDER
 03-03-17,08:30:00,Ch6,T. UNDER
 03-03-17,08:31:00,Ch6,T. UNDER
 03-03-17,08:32:00,Ch6,T. UNDER
 03-03-17,08:33:00,Ch6,T. UNDER
 03-03-17,08:34:00,Ch6,T. UNDER
 03-03-17,08:35:01,Ch6,T. UNDER
 03-03-17,08:36:01,Ch6,T. UNDER
 03-03-17,08:37:01,Ch6,T. UNDER
 03-03-17,08:38:01,Ch6,T. UNDER
 03-03-17,08:39:01,Ch6,T. UNDER
 03-03-17,08:40:02,Ch6,T. UNDER
 03-03-17,08:41:02,Ch6,T. UNDER
 03-03-17,08:42:02,Ch6,T. UNDER
 03-03-17,08:43:02,Ch6,T. UNDER
 03-03-17,08:44:02,Ch6,T. UNDER
 03-03-17,08:45:02,Ch6,T. UNDER
 03-03-17,08:46:02,Ch6,T. UNDER
 03-03-17,08:47:03,Ch6,T. UNDER
 03-03-17,08:48:03,Ch6,T. UNDER
 03-03-17,08:49:03,Ch6,T. UNDER
 03-03-17,08:50:03,Ch6,T. UNDER
 03-03-17,08:51:03,Ch6,T. UNDER
 03-03-17,08:52:04,Ch6,T. UNDER
 03-03-17,08:53:04,Ch6,T. UNDER
 03-03-17,08:54:04,Ch6,T. UNDER
 03-03-17,08:55:04,Ch6,T. UNDER
 03-03-17,08:56:04,Ch6,T. UNDER
 03-03-17,08:57:04,Ch6,T. UNDER
 03-03-17,09:29:09,Ch6,VDIF OVL,T. OVER
 03-03-17,10:34:18,Ch1,VDIF OVL,T. UNDER
 03-03-17,10:35:18,Ch1,VDIF OVL,T. UNDER 03-03-17,10:35:18,Ch2,VDIF OVL,T. OVER 03-03-17,10:35:18,Ch3,CS OVL,VCM OVL,VDIF OVL,T. OVER
 03-03-17,10:36:18,Ch1,VDIF OVL,T. UNDER 03-03-17,10:36:18,Ch2,VDIF OVL,T. OVER 03-03-17,10:36:18,Ch3,VDIF OVL,T. OVER
 03-03-17,10:37:19,Ch1,T. UNDER 03-03-17,10:37:19,Ch2,VDIF OVL,T. OVER 03-03-17,10:37:19,Ch3,VDIF OVL,T. OVER
 03-03-17,10:38:19,Ch1,VDIF OVL,T. UNDER 03-03-17,10:38:19,Ch2,VDIF OVL,T. OVER 03-03-17,10:38:19,Ch3,VDIF OVL,T. OVER
 03-03-17,10:39:19,Ch1,VDIF OVL,T. UNDER 03-03-17,10:39:19,Ch2,VDIF OVL,T. OVER 03-03-17,10:39:19,Ch3,VDIF OVL
 03-03-17,10:40:19,Ch1,T. UNDER 03-03-17,10:40:19,Ch2,VDIF OVL,T. OVER 03-03-17,10:40:19,Ch3,VDIF OVL,T. OVER
 03-03-17,10:41:19,Ch3,VDIF OVL,T. OVER
 03-03-17,17:14:25,Ch6,T. OVER
 03-03-17,17:16:26,Ch6,T. OVER
 03-03-17,17:17:26,Ch6,T. OVER
 03-03-17,17:18:26,Ch6,T. OVER
 03-03-17,17:19:26,Ch6,T. OVER
 03-03-17,17:20:26,Ch6,T. OVER
 03-03-17,17:21:26,Ch6,T. OVER
 03-03-17,17:22:27,Ch6,T. OVER
 03-03-17,17:23:27,Ch6,T. OVER
 03-03-17,17:24:27,Ch6,T. OVER
 03-03-17,17:25:27,Ch6,T. OVER
 03-03-17,17:26:27,Ch6,T. OVER
 03-03-17,17:27:28,Ch6,T. OVER
 03-03-17,17:28:28,Ch6,T. OVER
 03-03-17,17:29:28,Ch6,T. OVER
 03-03-17,17:30:28,Ch6,T. OVER
 03-03-17,17:31:28,Ch6,T. OVER
 03-03-17,17:32:28,Ch6,T. OVER
 03-03-17,17:33:28,Ch6,T. OVER
 03-03-17,17:34:29,Ch6,T. OVER
 03-03-17,17:35:29,Ch6,T. OVER
 03-03-17,17:36:29,Ch6,T. OVER
 03-03-17,17:37:29,Ch6,T. OVER
 03-03-17,17:38:29,Ch6,T. OVER
 03-03-17,17:39:30,Ch6,T. OVER
 03-03-17,17:40:30,Ch6,T. OVER
 03-03-17,17:41:30,Ch6,T. OVER
 03-03-17,17:42:30,Ch6,T. OVER
 03-03-17,17:43:30,Ch6,T. OVER
 03-03-17,17:44:31,Ch6,T. OVER
 03-03-17,17:45:31,Ch6,T. OVER
 03-03-17,17:46:31,Ch6,T. OVER
 03-03-17,17:47:31,Ch6,T. OVER
 03-03-17,17:48:31,Ch6,T. OVER
 03-03-17,17:49:32,Ch6,T. OVER
 03-03-17,17:50:32,Ch6,T. OVER
 03-03-17,17:51:32,Ch6,T. OVER
 03-03-17,17:52:32,Ch6,T. OVER
 03-03-17,17:53:32,Ch6,T. OVER
 03-03-17,17:54:33,Ch6,T. OVER
 03-03-17,17:55:33,Ch6,T. OVER
 03-03-17,17:56:33,Ch6,T. OVER
 03-03-17,17:57:33,Ch6,T. OVER
 03-03-17,17:58:33,Ch6,T. OVER
 03-03-17,17:59:34,Ch6,T. OVER
 03-03-17,18:00:34,Ch6,T. OVER
 03-03-17,18:01:34,Ch6,T. OVER
 03-03-17,18:02:34,Ch6,T. OVER
 03-03-17,18:03:34,Ch6,T. OVER
 03-03-17,18:04:35,Ch6,T. OVER
 03-03-17,18:05:35,Ch6,T. OVER
 03-03-17,18:06:35,Ch6,T. OVER
 03-03-17,18:07:35,Ch6,T. OVER
 03-03-17,18:08:35,Ch6,T. OVER
 03-03-17,18:09:35,Ch6,T. OVER
 03-03-17,18:10:35,Ch6,T. OVER
 03-03-17,18:11:36,Ch6,T. OVER
 03-03-17,18:12:36,Ch6,T. OVER
 03-03-17,18:13:36,Ch6,T. OVER
 03-03-17,18:14:36,Ch6,T. OVER
 03-03-17,18:15:36,Ch6,T. OVER
 03-03-17,18:16:36,Ch6,T. OVER
 03-03-17,18:17:37,Ch6,T. OVER
 03-03-17,18:18:37,Ch6,T. OVER
 03-03-17,18:19:37,Ch6,T. OVER
 03-03-17,18:20:37,Ch6,T. OVER
 03-03-17,18:21:38,Ch6,T. OVER
 03-03-17,18:22:38,Ch6,T. OVER
 03-03-17,18:23:38,Ch6,T. OVER
 03-03-17,18:24:38,Ch6,T. OVER
 03-03-17,18:25:38,Ch6,T. OVER
 03-03-17,18:26:38,Ch6,T. OVER
 03-03-17,18:27:38,Ch6,T. OVER
 03-03-17,18:28:39,Ch6,T. OVER
 03-03-17,18:29:39,Ch6,T. OVER
 03-03-17,18:30:39,Ch6,T. OVER
 03-03-17,18:31:39,Ch6,T. OVER
 03-03-17,18:32:39,Ch6,T. OVER
 03-03-17,18:33:39,Ch6,T. OVER
 03-03-17,18:34:39,Ch6,T. OVER
 03-03-17,18:35:40,Ch6,T. OVER
 03-03-17,18:36:40,Ch6,T. OVER
 03-03-17,18:37:40,Ch6,T. OVER
 03-03-17,18:38:40,Ch6,T. OVER
 03-03-17,18:39:41,Ch6,T. OVER
 03-03-17,18:40:41,Ch6,T. OVER
 03-03-17,18:41:41,Ch6,T. OVER
 03-03-17,18:42:41,Ch6,T. OVER
 03-03-17,18:43:41,Ch6,T. OVER
 03-03-17,18:44:42,Ch6,T. OVER
 03-03-17,18:45:42,Ch6,T. OVER
 03-03-17,18:46:42,Ch6,T. OVER
 03-03-17,18:47:42,Ch6,T. OVER
 03-03-17,18:48:43,Ch6,T. OVER
 03-03-17,18:49:43,Ch6,T. OVER
 03-03-17,18:50:43,Ch6,T. OVER
 03-03-17,18:51:43,Ch6,T. OVER
 03-03-17,18:52:43,Ch6,T. OVER
 03-03-17,18:53:43,Ch6,T. OVER
 03-03-17,18:54:43,Ch6,T. OVER
 03-03-17,18:55:44,Ch6,T. OVER
 03-03-17,18:56:44,Ch6,T. OVER
 03-03-17,18:57:44,Ch6,T. OVER
 03-03-17,18:58:44,Ch6,T. OVER
 03-03-17,18:59:45,Ch6,T. OVER
 03-03-17,19:00:45,Ch6,T. OVER
 03-03-17,19:01:45,Ch6,T. OVER
 03-03-17,19:02:45,Ch6,T. OVER
 03-03-17,19:03:45,Ch6,T. OVER
 03-03-17,19:04:45,Ch6,T. OVER
 03-03-17,19:05:45,Ch6,T. OVER
 03-03-17,19:06:46,Ch6,T. OVER
 03-03-17,19:07:46,Ch6,T. OVER
 03-03-17,19:08:46,Ch6,T. OVER
 03-03-17,19:09:46,Ch6,T. OVER
 03-03-17,19:10:46,Ch6,T. OVER
 03-03-17,19:11:47,Ch6,T. OVER
 03-03-17,19:12:47,Ch6,T. OVER
 03-03-17,19:13:47,Ch6,T. OVER
 03-03-17,19:14:47,Ch6,T. OVER
 03-03-17,19:15:47,Ch6,T. OVER
 03-03-17,19:16:48,Ch6,T. OVER
 03-03-17,19:17:48,Ch6,T. OVER
 03-03-17,19:18:48,Ch6,T. OVER
 03-03-17,19:19:48,Ch6,T. OVER
 03-03-17,19:20:48,Ch6,T. OVER
 03-03-17,19:21:48,Ch6,T. OVER
 03-03-17,19:22:48,Ch6,T. OVER
 03-03-17,19:23:49,Ch6,T. OVER
 03-03-17,19:24:49,Ch6,T. OVER
 03-03-17,19:25:49,Ch6,T. OVER
 03-03-17,19:26:49,Ch6,T. OVER
 03-03-17,19:27:49,Ch6,T. OVER
 03-03-17,19:28:49,Ch6,T. OVER
 03-03-17,19:29:50,Ch6,T. OVER
 03-03-17,19:30:50,Ch6,T. OVER
 03-03-17,19:31:50,Ch6,T. OVER
 03-03-17,19:32:50,Ch6,T. OVER
 03-03-17,19:33:50,Ch6,T. OVER
 03-03-17,19:34:50,Ch6,T. OVER
 03-03-17,19:35:51,Ch6,T. OVER
 03-03-17,19:36:51,Ch6,T. OVER
 03-03-17,19:37:51,Ch6,T. OVER
 03-03-17,19:38:51,Ch6,T. OVER
 03-03-17,19:39:51,Ch6,T. OVER
 03-03-17,19:40:51,Ch6,T. OVER
 03-03-17,19:41:52,Ch6,T. OVER
 03-03-17,19:42:52,Ch6,T. OVER
 03-03-17,19:43:52,Ch6,T. OVER
 03-03-17,19:44:52,Ch6,T. OVER
 03-03-17,19:45:52,Ch6,T. OVER
 03-03-17,19:46:53,Ch6,T. OVER
 03-03-17,19:47:53,Ch6,T. OVER
 03-03-17,19:48:53,Ch6,T. OVER
 03-03-17,19:49:53,Ch6,T. OVER
 03-03-17,19:50:53,Ch6,T. OVER
 03-03-17,19:51:53,Ch6,T. OVER
 03-03-17,19:52:54,Ch6,T. OVER
 03-03-17,19:53:54,Ch6,T. OVER
 03-03-17,19:54:54,Ch6,T. OVER
 03-03-17,19:55:54,Ch6,T. OVER
 03-03-17,19:56:54,Ch6,T. OVER
 03-03-17,19:57:55,Ch6,T. OVER
 03-03-17,19:58:55,Ch6,T. OVER
 03-03-17,19:59:55,Ch6,T. OVER
 03-03-17,20:00:55,Ch6,T. OVER
 03-03-17,20:01:56,Ch6,T. OVER
 03-03-17,20:02:56,Ch6,T. OVER
 03-03-17,20:03:56,Ch6,T. OVER
 03-03-17,20:04:56,Ch6,T. OVER
 03-03-17,20:05:56,Ch6,T. OVER
 03-03-17,20:06:56,Ch6,T. OVER
 03-03-17,20:07:57,Ch6,T. OVER
 03-03-17,20:08:57,Ch6,T. OVER
 03-03-17,20:09:57,Ch6,T. OVER
 03-03-17,20:10:57,Ch6,T. OVER
 03-03-17,20:11:57,Ch6,T. OVER
 03-03-17,20:12:57,Ch6,T. OVER
 03-03-17,20:13:57,Ch6,T. OVER
 03-03-17,20:14:58,Ch6,T. OVER
 03-03-17,20:15:58,Ch6,T. OVER
 03-03-17,20:16:58,Ch6,T. OVER
 03-03-17,20:17:58,Ch6,T. OVER
 03-03-17,20:18:58,Ch6,T. OVER
 03-03-17,20:19:58,Ch6,T. OVER
 03-03-17,20:20:58,Ch6,T. OVER
 03-03-17,20:21:59,Ch6,T. OVER
 03-03-17,20:22:59,Ch6,T. OVER
 03-03-17,20:23:59,Ch6,T. OVER
 03-03-17,20:24:59,Ch6,T. OVER
 03-03-17,20:26:00,Ch6,T. OVER
 03-03-17,20:27:00,Ch6,T. OVER
 03-03-17,20:28:00,Ch6,T. OVER
 03-03-17,20:29:00,Ch6,T. OVER
 03-03-17,20:30:00,Ch6,T. OVER
 03-03-17,20:31:00,Ch6,T. OVER
 03-03-17,20:32:01,Ch6,T. OVER
 03-03-17,20:33:01,Ch6,T. OVER
 03-03-17,20:34:01,Ch6,T. OVER
 03-03-17,20:35:01,Ch6,T. OVER
 03-03-17,20:36:01,Ch6,T. OVER
 03-03-17,20:37:01,Ch6,T. OVER
 03-03-17,20:38:01,Ch6,T. OVER
 03-03-17,20:39:02,Ch6,T. OVER
 03-03-17,20:40:02,Ch6,T. OVER
 03-03-17,20:41:02,Ch6,T. OVER
 03-03-17,20:42:02,Ch6,T. OVER
 03-03-17,20:43:02,Ch6,T. OVER
 03-03-17,20:44:03,Ch6,T. OVER
 03-03-17,20:45:03,Ch6,T. OVER
 03-03-17,20:46:03,Ch6,T. OVER
 03-03-17,20:47:03,Ch6,T. OVER
 03-03-17,20:48:03,Ch6,T. OVER
 03-03-17,20:49:04,Ch6,T. OVER
 03-03-17,20:50:04,Ch6,T. OVER
 03-03-17,20:51:04,Ch6,T. OVER
 03-03-17,20:52:04,Ch6,T. OVER
 03-03-17,20:53:04,Ch6,T. OVER
 03-03-17,20:54:04,Ch6,T. OVER
 03-03-17,20:55:04,Ch6,T. OVER
 03-03-17,20:56:05,Ch6,T. OVER
 03-03-17,20:57:05,Ch6,T. OVER
 03-03-17,20:58:05,Ch6,T. OVER
 03-03-17,20:59:05,Ch6,T. OVER
 03-03-17,21:00:06,Ch6,T. OVER
 03-03-17,21:01:06,Ch6,T. OVER
 03-03-17,21:02:06,Ch6,T. OVER
 03-03-17,21:03:06,Ch6,T. OVER
 03-03-17,21:04:06,Ch6,T. OVER
 03-03-17,21:05:07,Ch6,T. OVER
 03-03-17,21:06:07,Ch6,T. OVER
 03-03-17,21:07:07,Ch6,T. OVER
 03-03-17,21:08:07,Ch6,T. OVER
 03-03-17,21:09:07,Ch6,T. OVER
 03-03-17,21:10:07,Ch6,T. OVER
 03-03-17,21:11:08,Ch6,T. OVER
 03-03-17,21:12:08,Ch6,T. OVER
 03-03-17,21:13:08,Ch6,T. OVER
 03-03-17,21:14:08,Ch6,T. OVER
 03-03-17,21:15:08,Ch6,T. OVER
 03-03-17,21:16:09,Ch6,T. OVER
 03-03-17,21:17:09,Ch6,T. OVER
 03-03-17,21:18:09,Ch6,T. OVER
 03-03-17,21:19:09,Ch6,T. OVER
 03-03-17,21:20:09,Ch6,T. OVER
 03-03-17,21:21:09,Ch6,T. OVER
 03-03-17,21:22:10,Ch6,T. OVER
 03-03-17,21:23:10,Ch6,T. OVER
 03-03-17,21:24:10,Ch6,T. OVER
 03-03-17,21:25:10,Ch6,T. OVER
 03-03-17,21:26:10,Ch6,T. OVER
 03-03-17,21:27:10,Ch6,T. OVER
 03-03-17,21:28:11,Ch6,T. OVER
 03-03-17,21:29:11,Ch6,T. OVER
 03-03-17,21:30:11,Ch6,T. OVER
 03-03-17,21:31:11,Ch6,T. OVER
 03-03-17,21:32:11,Ch6,T. OVER
 03-03-17,21:33:11,Ch6,T. OVER
 03-03-17,21:34:12,Ch6,T. OVER
 03-03-17,21:35:12,Ch6,T. OVER
 03-03-17,21:36:12,Ch6,T. OVER
 03-03-17,21:37:12,Ch6,T. OVER
 03-03-17,21:38:12,Ch6,T. OVER
 03-03-17,21:39:13,Ch6,T. OVER
 03-03-17,21:40:13,Ch6,T. OVER
 03-03-17,21:41:13,Ch6,T. OVER
 03-03-17,21:42:13,Ch6,T. OVER
 03-03-17,21:43:13,Ch6,T. OVER
 03-03-17,21:44:14,Ch6,T. OVER
 03-03-17,21:45:14,Ch6,T. OVER
 03-03-17,21:46:14,Ch6,T. OVER
 03-03-17,21:47:14,Ch6,T. OVER
 03-03-17,21:48:14,Ch6,T. OVER
 03-03-17,21:49:14,Ch6,T. OVER
 03-03-17,21:50:14,Ch6,T. OVER
 03-03-17,21:51:15,Ch6,T. OVER
 03-03-17,21:52:15,Ch6,T. OVER
 03-03-17,21:53:15,Ch6,T. OVER
 03-03-17,21:54:15,Ch6,T. OVER
 03-03-17,21:55:15,Ch6,T. OVER
 03-03-17,21:56:15,Ch6,T. OVER
 03-03-17,21:57:16,Ch6,T. OVER
 03-03-17,21:58:16,Ch6,T. OVER
 03-03-17,21:59:16,Ch6,T. OVER
 03-03-17,22:00:16,Ch6,T. OVER
 03-03-17,22:01:17,Ch6,T. OVER
 03-03-17,22:02:17,Ch6,T. OVER
 03-03-17,22:03:17,Ch6,T. OVER
 03-03-17,22:04:17,Ch6,T. OVER
 03-03-17,22:05:17,Ch6,T. OVER
 03-03-17,22:06:17,Ch6,T. OVER
 03-03-17,22:07:17,Ch6,T. OVER
 03-03-17,22:08:18,Ch6,T. OVER
 03-03-17,22:09:18,Ch6,T. OVER
 03-03-17,22:10:18,Ch6,T. OVER
 03-03-17,22:11:18,Ch6,T. OVER
 03-03-17,22:12:18,Ch6,T. OVER
 03-03-17,22:13:19,Ch6,T. OVER
 03-03-17,22:14:19,Ch6,T. OVER
 03-03-17,22:15:19,Ch6,T. OVER
 03-03-17,22:16:19,Ch6,T. OVER
 03-03-17,22:17:19,Ch6,T. OVER
 03-03-17,22:18:20,Ch6,T. OVER
 03-03-17,22:19:20,Ch6,T. OVER
 03-03-17,22:20:20,Ch6,T. OVER
 03-03-17,22:21:20,Ch6,T. OVER
 03-03-17,22:22:20,Ch6,T. OVER
 03-03-17,22:23:20,Ch6,T. OVER
 03-03-17,22:24:21,Ch6,T. OVER
 03-03-17,22:25:21,Ch6,T. OVER
 03-03-17,22:26:21,Ch6,T. OVER
 03-03-17,22:27:21,Ch6,T. OVER
 03-03-17,22:28:21,Ch6,T. OVER
 03-03-17,22:29:21,Ch6,T. OVER
 03-03-17,22:30:21,Ch6,T. OVER
 03-03-17,22:31:22,Ch6,T. OVER
 03-03-17,22:32:22,Ch6,T. OVER
 03-03-17,22:33:22,Ch6,T. OVER
 03-03-17,22:34:22,Ch6,T. OVER
 03-03-17,22:35:22,Ch6,T. OVER
 03-03-17,22:36:22,Ch6,T. OVER
 03-03-17,22:37:23,Ch6,T. OVER
 03-03-17,22:38:23,Ch6,T. OVER
 03-03-17,22:39:23,Ch6,T. OVER
 03-03-17,22:40:23,Ch6,T. OVER
 03-03-17,22:41:23,Ch6,T. OVER
 03-03-17,22:42:24,Ch6,T. OVER
 03-03-17,22:43:24,Ch6,T. OVER
 03-03-17,22:44:24,Ch6,T. OVER
 03-03-17,22:45:24,Ch6,T. OVER
 03-03-17,22:46:24,Ch6,T. OVER
 03-03-17,22:47:25,Ch6,T. OVER
 03-03-17,22:48:25,Ch6,T. OVER
 03-03-17,22:49:25,Ch6,T. OVER
 03-03-17,22:50:25,Ch6,T. OVER
 03-03-17,22:51:25,Ch6,T. OVER
 03-03-17,22:52:26,Ch6,T. OVER
 03-03-17,22:53:26,Ch6,T. OVER
 03-03-17,22:54:26,Ch6,T. OVER
 03-03-17,22:55:26,Ch6,T. OVER
 03-03-17,22:56:26,Ch6,T. OVER
 03-03-17,22:57:26,Ch6,T. OVER
 03-03-17,22:58:27,Ch6,T. OVER
 03-03-17,22:59:27,Ch6,T. OVER
 03-03-17,23:00:27,Ch6,T. OVER
 03-03-17,23:01:27,Ch6,T. OVER
 03-03-17,23:02:27,Ch6,T. OVER
 03-03-17,23:03:27,Ch6,T. OVER
 03-03-17,23:04:27,Ch6,T. OVER
 03-03-17,23:05:28,Ch6,T. OVER
 03-03-17,23:06:28,Ch6,T. OVER
 03-03-17,23:07:28,Ch6,T. OVER
 03-03-17,23:08:28,Ch6,T. OVER
 03-03-17,23:09:28,Ch6,T. OVER
 03-03-17,23:10:28,Ch6,T. OVER
 03-03-17,23:11:28,Ch6,T. OVER
 03-03-17,23:12:28,Ch6,T. OVER
 03-03-17,23:13:29,Ch6,T. OVER
 03-03-17,23:14:29,Ch6,T. OVER
 03-03-17,23:15:29,Ch6,T. OVER
 03-03-17,23:16:29,Ch6,T. OVER
 03-03-17,23:17:29,Ch6,T. OVER
 03-03-17,23:18:30,Ch6,T. OVER
 03-03-17,23:19:30,Ch6,T. OVER
 03-03-17,23:20:30,Ch6,T. OVER
 03-03-17,23:21:30,Ch6,T. OVER
 03-03-17,23:22:30,Ch6,T. OVER
 03-03-17,23:23:31,Ch6,T. OVER
 03-03-17,23:24:31,Ch6,T. OVER
 03-03-17,23:25:31,Ch6,T. OVER
 03-03-17,23:26:31,Ch6,T. OVER
 03-03-17,23:27:32,Ch6,T. OVER
 03-03-17,23:28:32,Ch6,T. OVER
 03-03-17,23:29:32,Ch6,T. OVER
 03-03-17,23:30:32,Ch6,T. OVER
 03-03-17,23:31:32,Ch6,T. OVER
 03-03-17,23:32:33,Ch6,T. OVER
 03-03-17,23:33:33,Ch6,T. OVER
 03-03-17,23:34:33,Ch6,T. OVER
 03-03-17,23:35:33,Ch6,T. OVER
 03-03-17,23:36:33,Ch6,T. OVER
 03-03-17,23:37:33,Ch6,T. OVER
 03-03-17,23:38:34,Ch6,T. OVER
 03-03-17,23:39:34,Ch6,T. OVER
 03-03-17,23:40:34,Ch6,T. OVER
 03-03-17,23:41:34,Ch6,T. OVER
 03-03-17,23:42:34,Ch6,T. OVER
 03-03-17,23:43:34,Ch6,T. OVER
 03-03-17,23:44:34,Ch6,T. OVER
 03-03-17,23:45:35,Ch6,T. OVER
 03-03-17,23:46:35,Ch6,T. OVER
 03-03-17,23:47:35,Ch6,T. OVER
 03-03-17,23:48:35,Ch6,T. OVER
 03-03-17,23:49:35,Ch6,T. OVER
 03-03-17,23:50:36,Ch6,T. OVER
 03-03-17,23:51:36,Ch6,T. OVER
 03-03-17,23:52:36,Ch6,T. OVER
 03-03-17,23:53:36,Ch6,T. OVER
 03-03-17,23:54:36,Ch6,T. OVER
 03-03-17,23:55:36,Ch6,T. OVER
 03-03-17,23:56:36,Ch6,T. OVER
 03-03-17,23:57:36,Ch6,T. OVER
 03-03-17,23:58:37,Ch6,T. OVER
 03-03-17,23:59:37,Ch6,T. OVER
