28-02-17,17:52:25,CH1,P1  ,1, 2.21E-2,0,1,CH2,P2  ,1, 4.97E-3,0,1,CH3,P3  ,1, 5.00E+0,0,1,CH4,P4  ,1, 8.09E+2,0,1,CH5,P5  ,1, 8.67E+2,0,1,CH6,P6,1, 1.21E-2,0,1,
28-02-17,17:53:27,CH1,P1  ,1, 2.18E-2,0,1,CH2,P2  ,1, 5.12E-3,0,1,CH3,P3  ,1, 5.00E+0,0,1,CH4,P4  ,1, 8.08E+2,0,1,CH5,P5  ,1, 8.66E+2,0,1,CH6,P6,1, 1.19E-2,0,1,
28-02-17,17:54:27,CH1,P1  ,1, 2.15E-2,0,1,CH2,P2  ,1, 5.16E-3,0,1,CH3,P3  ,1, 5.00E+0,0,1,CH4,P4  ,1, 8.08E+2,0,1,CH5,P5  ,1, 8.68E+2,0,1,CH6,P6,1, 1.17E-2,0,1,
28-02-17,17:55:29,CH1,P1  ,1, 2.13E-2,0,1,CH2,P2  ,1, 5.26E-3,0,1,CH3,P3  ,1, 5.00E+0,0,1,CH4,P4  ,1, 8.08E+2,0,1,CH5,P5  ,1, 8.66E+2,0,1,CH6,P6,1, 1.16E-2,0,1,
28-02-17,17:56:31,CH1,P1  ,1, 2.09E-2,0,1,CH2,P2  ,1, 5.35E-3,0,1,CH3,P3  ,1, 5.00E+0,0,1,CH4,P4  ,1, 8.08E+2,0,1,CH5,P5  ,1, 8.66E+2,0,1,CH6,P6,1, 1.13E-2,0,1,
28-02-17,17:57:33,CH1,P1  ,1, 2.07E-2,0,1,CH2,P2  ,1, 5.38E-3,0,1,CH3,P3  ,1, 5.00E+0,0,1,CH4,P4  ,1, 8.08E+2,0,1,CH5,P5  ,1, 8.66E+2,0,1,CH6,P6,1, 1.11E-2,0,1,
28-02-17,17:58:35,CH1,P1  ,1, 2.04E-2,0,1,CH2,P2  ,1, 5.47E-3,0,1,CH3,P3  ,1, 5.00E+0,0,1,CH4,P4  ,1, 8.08E+2,0,1,CH5,P5  ,1, 8.67E+2,0,1,CH6,P6,1, 1.09E-2,0,1,
28-02-17,17:59:35,CH1,P1  ,1, 2.02E-2,0,1,CH2,P2  ,1, 5.55E-3,0,1,CH3,P3  ,1, 5.00E+0,0,1,CH4,P4  ,1, 8.08E+2,0,1,CH5,P5  ,1, 8.66E+2,0,1,CH6,P6,1, 1.07E-2,0,1,
28-02-17,18:00:35,CH1,P1  ,1, 2.00E-2,0,1,CH2,P2  ,1, 5.59E-3,0,1,CH3,P3  ,1, 5.00E+0,0,1,CH4,P4  ,1, 8.08E+2,0,1,CH5,P5  ,1, 8.68E+2,0,1,CH6,P6,1, 1.05E-2,0,1,
28-02-17,18:01:37,CH1,P1  ,1, 1.98E-2,0,1,CH2,P2  ,1, 5.68E-3,0,1,CH3,P3  ,1, 5.00E+0,0,1,CH4,P4  ,1, 8.08E+2,0,1,CH5,P5  ,1, 8.66E+2,0,1,CH6,P6,1, 1.04E-2,0,1,
28-02-17,18:02:39,CH1,P1  ,1, 1.91E-2,0,1,CH2,P2  ,1, 5.77E-3,0,1,CH3,P3  ,1, 5.00E+0,0,1,CH4,P4  ,1, 8.08E+2,0,1,CH5,P5  ,1, 8.68E+2,0,1,CH6,P6,1, 1.00E-2,0,1,
28-02-17,18:03:41,CH1,P1  ,1, 1.24E-2,0,1,CH2,P2  ,1, 5.80E-3,0,1,CH3,P3  ,1, 4.00E+0,0,1,CH4,P4  ,1, 8.08E+2,0,1,CH5,P5  ,1, 8.66E+2,0,1,CH6,P6,1, 6.20E-3,0,1,
28-02-17,18:04:41,CH1,P1  ,1, 8.34E-3,0,1,CH2,P2  ,1, 5.87E-3,0,1,CH3,P3  ,1, 4.00E+0,0,1,CH4,P4  ,1, 8.08E+2,0,1,CH5,P5  ,1, 8.68E+2,0,1,CH6,P6,1, 3.67E-3,0,1,
28-02-17,18:05:41,CH1,P1  ,1, 5.83E-3,0,1,CH2,P2  ,1, 5.97E-3,0,1,CH3,P3  ,1, 4.00E+0,0,1,CH4,P4  ,1, 8.08E+2,0,1,CH5,P5  ,1, 8.67E+2,0,1,CH6,P6,1, 2.29E-3,0,1,
28-02-17,18:06:43,CH1,P1  ,1, 4.09E-3,0,1,CH2,P2  ,1, 6.00E-3,0,1,CH3,P3  ,1, 5.00E+0,0,1,CH4,P4  ,1, 8.08E+2,0,1,CH5,P5  ,1, 8.67E+2,0,1,CH6,P6,1, 1.45E-3,0,1,
28-02-17,18:07:45,CH1,P1  ,1, 2.98E-3,0,1,CH2,P2  ,1, 6.06E-3,0,1,CH3,P3  ,1, 5.00E+0,0,1,CH4,P4  ,1, 8.08E+2,0,1,CH5,P5  ,1, 8.68E+2,0,1,CH6,P6,1, 1.01E-3,0,1,
28-02-17,18:08:45,CH1,P1  ,1, 2.28E-3,0,1,CH2,P2  ,1, 6.17E-3,0,1,CH3,P3  ,1, 5.00E+0,0,1,CH4,P4  ,1, 8.08E+2,0,1,CH5,P5  ,1, 8.67E+2,0,1,CH6,P6,1, 7.60E-4,0,1,
28-02-17,18:09:47,CH1,P1  ,1, 1.74E-3,0,1,CH2,P2  ,1, 6.22E-3,0,1,CH3,P3  ,1, 5.00E+0,0,1,CH4,P4  ,1, 8.08E+2,0,1,CH5,P5  ,1, 8.67E+2,0,1,CH6,P6,1, 5.98E-4,0,1,
28-02-17,18:10:49,CH1,P1  ,1, 1.39E-3,0,1,CH2,P2  ,1, 6.26E-3,0,1,CH3,P3  ,1, 5.00E+0,0,1,CH4,P4  ,1, 8.08E+2,0,1,CH5,P5  ,1, 8.66E+2,0,1,CH6,P6,1, 5.01E-4,1,1,
28-02-17,18:11:49,CH1,P1  ,1, 1.13E-3,0,1,CH2,P2  ,1, 6.38E-3,0,1,CH3,P3  ,1, 5.00E+0,0,1,CH4,P4  ,1, 8.08E+2,0,1,CH5,P5  ,1, 8.67E+2,0,1,CH6,P6,1, 5.01E-4,1,1,
28-02-17,18:12:51,CH1,P1  ,1, 9.53E-4,0,1,CH2,P2  ,1, 6.43E-3,0,1,CH3,P3  ,1, 5.00E+0,0,1,CH4,P4  ,1, 8.08E+2,0,1,CH5,P5  ,1, 8.67E+2,0,1,CH6,P6,1, 5.01E-4,1,1,
28-02-17,18:13:53,CH1,P1  ,1, 8.20E-4,0,1,CH2,P2  ,1, 6.46E-3,0,1,CH3,P3  ,1, 5.00E+0,0,1,CH4,P4  ,1, 8.08E+2,0,1,CH5,P5  ,1, 8.67E+2,0,1,CH6,P6,1, 5.01E-4,1,1,
28-02-17,18:14:55,CH1,P1  ,1, 7.17E-4,0,1,CH2,P2  ,1, 6.56E-3,0,1,CH3,P3  ,1, 5.00E+0,0,1,CH4,P4  ,1, 8.08E+2,0,1,CH5,P5  ,1, 8.67E+2,0,1,CH6,P6,1, 5.01E-4,1,1,
28-02-17,18:15:57,CH1,P1  ,1, 6.40E-4,0,1,CH2,P2  ,1, 6.64E-3,0,1,CH3,P3  ,1, 5.00E+0,0,1,CH4,P4  ,1, 8.08E+2,0,1,CH5,P5  ,1, 8.67E+2,0,1,CH6,P6,1, 5.01E-4,1,1,
28-02-17,18:16:57,CH1,P1  ,1, 5.85E-4,0,1,CH2,P2  ,1, 6.67E-3,0,1,CH3,P3  ,1, 5.00E+0,0,1,CH4,P4  ,1, 8.08E+2,0,1,CH5,P5  ,1, 8.67E+2,0,1,CH6,P6,1, 5.01E-4,1,1,
28-02-17,18:17:59,CH1,P1  ,1, 5.47E-4,0,1,CH2,P2  ,1, 6.74E-3,0,1,CH3,P3  ,1, 5.00E+0,0,1,CH4,P4  ,1, 8.08E+2,0,1,CH5,P5  ,1, 8.66E+2,0,1,CH6,P6,1, 5.01E-4,1,1,
28-02-17,18:19:01,CH1,P1  ,1, 5.15E-4,0,1,CH2,P2  ,1, 6.83E-3,0,1,CH3,P3  ,1, 5.00E+0,0,1,CH4,P4  ,1, 8.08E+2,0,1,CH5,P5  ,1, 8.66E+2,0,1,CH6,P6,1, 5.01E-4,1,1,
28-02-17,18:20:03,CH1,P1  ,1, 4.95E-4,0,1,CH2,P2  ,1, 6.85E-3,0,1,CH3,P3  ,1, 5.00E+0,0,1,CH4,P4  ,1, 8.08E+2,0,1,CH5,P5  ,1, 8.67E+2,0,1,CH6,P6,1, 5.01E-4,1,1,
28-02-17,18:21:05,CH1,P1  ,1, 4.80E-4,0,1,CH2,P2  ,1, 6.92E-3,0,1,CH3,P3  ,1, 5.00E+0,0,1,CH4,P4  ,1, 8.08E+2,0,1,CH5,P5  ,1, 8.66E+2,0,1,CH6,P6,1, 5.01E-4,1,1,
28-02-17,18:22:07,CH1,P1  ,1, 4.66E-4,0,1,CH2,P2  ,1, 7.02E-3,0,1,CH3,P3  ,1, 5.00E+0,0,1,CH4,P4  ,1, 8.08E+2,0,1,CH5,P5  ,1, 8.68E+2,0,1,CH6,P6,1, 5.01E-4,1,1,
28-02-17,18:23:07,CH1,P1  ,1, 4.52E-4,0,1,CH2,P2  ,1, 7.07E-3,0,1,CH3,P3  ,1, 5.00E+0,0,1,CH4,P4  ,1, 8.08E+2,0,1,CH5,P5  ,1, 8.68E+2,0,1,CH6,P6,1, 5.01E-4,1,1,
28-02-17,18:24:07,CH1,P1  ,1, 4.40E-4,0,1,CH2,P2  ,1, 7.08E-3,0,1,CH3,P3  ,1, 5.00E+0,0,1,CH4,P4  ,1, 8.07E+2,0,1,CH5,P5  ,1, 8.67E+2,0,1,CH6,P6,1, 5.01E-4,1,1,
28-02-17,18:25:09,CH1,P1  ,1, 4.26E-4,0,1,CH2,P2  ,1, 7.14E-3,0,1,CH3,P3  ,1, 5.00E+0,0,1,CH4,P4  ,1, 8.07E+2,0,1,CH5,P5  ,1, 8.66E+2,0,1,CH6,P6,1, 5.01E-4,1,1,
28-02-17,18:26:09,CH1,P1  ,1, 4.15E-4,0,1,CH2,P2  ,1, 7.24E-3,0,1,CH3,P3  ,1, 5.00E+0,0,1,CH4,P4  ,1, 8.08E+2,0,1,CH5,P5  ,1, 8.66E+2,0,1,CH6,P6,1, 5.01E-4,1,1,
28-02-17,18:27:11,CH1,P1  ,1, 4.04E-4,0,1,CH2,P2  ,1, 7.30E-3,0,1,CH3,P3  ,1, 5.00E+0,0,1,CH4,P4  ,1, 8.07E+2,0,1,CH5,P5  ,1, 8.66E+2,0,1,CH6,P6,1, 5.01E-4,1,1,
28-02-17,18:28:13,CH1,P1  ,1, 3.95E-4,0,1,CH2,P2  ,1, 7.32E-3,0,1,CH3,P3  ,1, 5.00E+0,0,1,CH4,P4  ,1, 8.08E+2,0,1,CH5,P5  ,1, 8.66E+2,0,1,CH6,P6,1, 5.01E-4,1,1,
28-02-17,18:29:15,CH1,P1  ,1, 3.85E-4,0,1,CH2,P2  ,1, 7.35E-3,0,1,CH3,P3  ,1, 5.00E+0,0,1,CH4,P4  ,1, 8.08E+2,0,1,CH5,P5  ,1, 8.66E+2,0,1,CH6,P6,1, 5.01E-4,1,1,
28-02-17,18:30:15,CH1,P1  ,1, 3.78E-4,0,1,CH2,P2  ,1, 7.42E-3,0,1,CH3,P3  ,1, 5.00E+0,0,1,CH4,P4  ,1, 8.07E+2,0,1,CH5,P5  ,1, 8.66E+2,0,1,CH6,P6,1, 5.01E-4,1,1,
28-02-17,18:31:17,CH1,P1  ,1, 3.72E-4,0,1,CH2,P2  ,1, 7.50E-3,0,1,CH3,P3  ,1, 5.00E+0,0,1,CH4,P4  ,1, 8.07E+2,0,1,CH5,P5  ,1, 8.66E+2,0,1,CH6,P6,1, 5.01E-4,1,1,
28-02-17,18:32:17,CH1,P1  ,1, 3.66E-4,0,1,CH2,P2  ,1, 7.52E-3,0,1,CH3,P3  ,1, 5.00E+0,0,1,CH4,P4  ,1, 8.07E+2,0,1,CH5,P5  ,1, 8.68E+2,0,1,CH6,P6,1, 5.01E-4,1,1,
28-02-17,18:33:17,CH1,P1  ,1, 3.59E-4,0,1,CH2,P2  ,1, 7.56E-3,0,1,CH3,P3  ,1, 5.00E+0,0,1,CH4,P4  ,1, 8.07E+2,0,1,CH5,P5  ,1, 8.66E+2,0,1,CH6,P6,1, 5.01E-4,1,1,
28-02-17,18:34:19,CH1,P1  ,1, 3.54E-4,0,1,CH2,P2  ,1, 7.59E-3,0,1,CH3,P3  ,1, 5.00E+0,0,1,CH4,P4  ,1, 8.07E+2,0,1,CH5,P5  ,1, 8.68E+2,0,1,CH6,P6,1, 5.01E-4,1,1,
28-02-17,18:35:21,CH1,P1  ,1, 3.54E-4,0,1,CH2,P2  ,1, 7.68E-3,0,1,CH3,P3  ,1, 5.00E+0,0,1,CH4,P4  ,1, 8.07E+2,0,1,CH5,P5  ,1, 8.66E+2,0,1,CH6,P6,1, 5.01E-4,1,1,
28-02-17,18:36:21,CH1,P1  ,1, 3.51E-4,0,1,CH2,P2  ,1, 7.73E-3,0,1,CH3,P3  ,1, 5.00E+0,0,1,CH4,P4  ,1, 8.07E+2,0,1,CH5,P5  ,1, 8.67E+2,0,1,CH6,P6,1, 5.01E-4,1,1,
28-02-17,18:37:23,CH1,P1  ,1, 3.47E-4,0,1,CH2,P2  ,1, 7.77E-3,0,1,CH3,P3  ,1, 5.00E+0,0,1,CH4,P4  ,1, 8.07E+2,0,1,CH5,P5  ,1, 8.66E+2,0,1,CH6,P6,1, 5.01E-4,1,1,
28-02-17,18:38:23,CH1,P1  ,1, 3.44E-4,0,1,CH2,P2  ,1, 7.79E-3,0,1,CH3,P3  ,1, 5.00E+0,0,1,CH4,P4  ,1, 8.07E+2,0,1,CH5,P5  ,1, 8.66E+2,0,1,CH6,P6,1, 5.01E-4,1,1,
28-02-17,18:39:25,CH1,P1  ,1, 3.39E-4,0,1,CH2,P2  ,1, 7.83E-3,0,1,CH3,P3  ,1, 5.00E+0,0,1,CH4,P4  ,1, 8.07E+2,0,1,CH5,P5  ,1, 8.66E+2,0,1,CH6,P6,1, 5.01E-4,1,1,
28-02-17,18:40:27,CH1,P1  ,1, 3.35E-4,0,1,CH2,P2  ,1, 7.91E-3,0,1,CH3,P3  ,1, 5.00E+0,0,1,CH4,P4  ,1, 8.07E+2,0,1,CH5,P5  ,1, 8.66E+2,0,1,CH6,P6,1, 5.01E-4,1,1,
28-02-17,18:41:27,CH1,P1  ,1, 3.33E-4,0,1,CH2,P2  ,1, 7.96E-3,0,1,CH3,P3  ,1, 5.00E+0,0,1,CH4,P4  ,1, 8.07E+2,0,1,CH5,P5  ,1, 8.66E+2,0,1,CH6,P6,1, 5.01E-4,1,1,
28-02-17,18:42:29,CH1,P1  ,1, 3.31E-4,0,1,CH2,P2  ,1, 8.02E-3,0,1,CH3,P3  ,1, 5.00E+0,0,1,CH4,P4  ,1, 8.07E+2,0,1,CH5,P5  ,1, 8.67E+2,0,1,CH6,P6,1, 5.01E-4,1,1,
28-02-17,18:43:29,CH1,P1  ,1, 3.28E-4,0,1,CH2,P2  ,1, 8.03E-3,0,1,CH3,P3  ,1, 5.00E+0,0,1,CH4,P4  ,1, 8.07E+2,0,1,CH5,P5  ,1, 8.66E+2,0,1,CH6,P6,1, 5.01E-4,1,1,
28-02-17,18:44:31,CH1,P1  ,1, 3.25E-4,0,1,CH2,P2  ,1, 8.10E-3,0,1,CH3,P3  ,1, 5.00E+0,0,1,CH4,P4  ,1, 8.07E+2,0,1,CH5,P5  ,1, 8.67E+2,0,1,CH6,P6,1, 5.01E-4,1,1,
28-02-17,18:45:33,CH1,P1  ,1, 3.22E-4,0,1,CH2,P2  ,1, 8.14E-3,0,1,CH3,P3  ,1, 5.00E+0,0,1,CH4,P4  ,1, 8.07E+2,0,1,CH5,P5  ,1, 8.69E+2,0,1,CH6,P6,1, 5.01E-4,1,1,
28-02-17,18:46:35,CH1,P1  ,1, 3.19E-4,0,1,CH2,P2  ,1, 8.18E-3,0,1,CH3,P3  ,1, 5.00E+0,0,1,CH4,P4  ,1, 8.07E+2,0,1,CH5,P5  ,1, 8.68E+2,0,1,CH6,P6,1, 5.01E-4,1,1,
28-02-17,18:47:35,CH1,P1  ,1, 3.17E-4,0,1,CH2,P2  ,1, 8.22E-3,0,1,CH3,P3  ,1, 5.00E+0,0,1,CH4,P4  ,1, 8.07E+2,0,1,CH5,P5  ,1, 8.68E+2,0,1,CH6,P6,1, 5.01E-4,1,1,
28-02-17,18:48:35,CH1,P1  ,1, 3.14E-4,0,1,CH2,P2  ,1, 8.24E-3,0,1,CH3,P3  ,1, 5.00E+0,0,1,CH4,P4  ,1, 8.07E+2,0,1,CH5,P5  ,1, 8.68E+2,0,1,CH6,P6,1, 5.01E-4,1,1,
28-02-17,18:49:37,CH1,P1  ,1, 3.11E-4,0,1,CH2,P2  ,1, 8.32E-3,0,1,CH3,P3  ,1, 5.00E+0,0,1,CH4,P4  ,1, 8.07E+2,0,1,CH5,P5  ,1, 8.66E+2,0,1,CH6,P6,1, 5.01E-4,1,1,
28-02-17,18:50:39,CH1,P1  ,1, 3.09E-4,0,1,CH2,P2  ,1, 8.38E-3,0,1,CH3,P3  ,1, 5.00E+0,0,1,CH4,P4  ,1, 8.07E+2,0,1,CH5,P5  ,1, 8.68E+2,0,1,CH6,P6,1, 5.01E-4,1,1,
28-02-17,18:51:41,CH1,P1  ,1, 3.06E-4,0,1,CH2,P2  ,1, 8.43E-3,0,1,CH3,P3  ,1, 5.00E+0,0,1,CH4,P4  ,1, 8.07E+2,0,1,CH5,P5  ,1, 8.68E+2,0,1,CH6,P6,1, 5.01E-4,1,1,
28-02-17,18:52:41,CH1,P1  ,1, 3.04E-4,0,1,CH2,P2  ,1, 8.44E-3,0,1,CH3,P3  ,1, 5.00E+0,0,1,CH4,P4  ,1, 8.07E+2,0,1,CH5,P5  ,1, 8.68E+2,0,1,CH6,P6,1, 5.01E-4,1,1,
28-02-17,18:53:41,CH1,P1  ,1, 3.01E-4,0,1,CH2,P2  ,1, 8.47E-3,0,1,CH3,P3  ,1, 5.00E+0,0,1,CH4,P4  ,1, 8.07E+2,0,1,CH5,P5  ,1, 8.68E+2,0,1,CH6,P6,1, 5.01E-4,1,1,
28-02-17,18:54:43,CH1,P1  ,1, 2.99E-4,0,1,CH2,P2  ,1, 8.50E-3,0,1,CH3,P3  ,1, 5.00E+0,0,1,CH4,P4  ,1, 8.07E+2,0,1,CH5,P5  ,1, 8.68E+2,0,1,CH6,P6,1, 5.01E-4,1,1,
28-02-17,18:55:43,CH1,P1  ,1, 2.96E-4,0,1,CH2,P2  ,1, 8.58E-3,0,1,CH3,P3  ,1, 5.00E+0,0,1,CH4,P4  ,1, 8.07E+2,0,1,CH5,P5  ,1, 8.68E+2,0,1,CH6,P6,1, 5.01E-4,1,1,
28-02-17,18:56:45,CH1,P1  ,1, 2.92E-4,0,1,CH2,P2  ,1, 8.65E-3,0,1,CH3,P3  ,1, 5.00E+0,0,1,CH4,P4  ,1, 8.07E+2,0,1,CH5,P5  ,1, 8.68E+2,0,1,CH6,P6,1, 5.01E-4,1,1,
28-02-17,18:57:45,CH1,P1  ,1, 2.90E-4,0,1,CH2,P2  ,1, 8.68E-3,0,1,CH3,P3  ,1, 5.00E+0,0,1,CH4,P4  ,1, 8.07E+2,0,1,CH5,P5  ,1, 8.68E+2,0,1,CH6,P6,1, 5.01E-4,1,1,
28-02-17,18:58:45,CH1,P1  ,1, 2.87E-4,0,1,CH2,P2  ,1, 8.70E-3,0,1,CH3,P3  ,1, 5.00E+0,0,1,CH4,P4  ,1, 8.07E+2,0,1,CH5,P5  ,1, 8.68E+2,0,1,CH6,P6,1, 5.01E-4,1,1,
28-02-17,18:59:45,CH1,P1  ,1, 2.84E-4,0,1,CH2,P2  ,1, 8.73E-3,0,1,CH3,P3  ,1, 5.00E+0,0,1,CH4,P4  ,1, 8.07E+2,0,1,CH5,P5  ,1, 8.68E+2,0,1,CH6,P6,1, 5.01E-4,1,1,
28-02-17,19:00:47,CH1,P1  ,1, 2.80E-4,0,1,CH2,P2  ,1, 8.79E-3,0,1,CH3,P3  ,1, 5.00E+0,0,1,CH4,P4  ,1, 8.07E+2,0,1,CH5,P5  ,1, 8.68E+2,0,1,CH6,P6,1, 5.01E-4,1,1,
28-02-17,19:01:49,CH1,P1  ,1, 2.77E-4,0,1,CH2,P2  ,1, 8.86E-3,0,1,CH3,P3  ,1, 5.00E+0,0,1,CH4,P4  ,1, 8.07E+2,0,1,CH5,P5  ,1, 8.68E+2,0,1,CH6,P6,1, 5.01E-4,1,1,
28-02-17,19:02:51,CH1,P1  ,1, 2.74E-4,0,1,CH2,P2  ,1, 8.91E-3,0,1,CH3,P3  ,1, 5.00E+0,0,1,CH4,P4  ,1, 8.07E+2,0,1,CH5,P5  ,1, 8.68E+2,0,1,CH6,P6,1, 5.01E-4,1,1,
28-02-17,19:03:53,CH1,P1  ,1, 2.70E-4,0,1,CH2,P2  ,1, 8.93E-3,0,1,CH3,P3  ,1, 5.00E+0,0,1,CH4,P4  ,1, 8.07E+2,0,1,CH5,P5  ,1, 8.68E+2,0,1,CH6,P6,1, 5.01E-4,1,1,
28-02-17,19:04:53,CH1,P1  ,1, 2.67E-4,0,1,CH2,P2  ,1, 8.94E-3,0,1,CH3,P3  ,1, 5.00E+0,0,1,CH4,P4  ,1, 8.07E+2,0,1,CH5,P5  ,1, 8.67E+2,0,1,CH6,P6,1, 5.01E-4,1,1,
28-02-17,19:05:55,CH1,P1  ,1, 2.62E-4,0,1,CH2,P2  ,1, 8.98E-3,0,1,CH3,P3  ,1, 5.00E+0,0,1,CH4,P4  ,1, 8.07E+2,0,1,CH5,P5  ,1, 8.67E+2,0,1,CH6,P6,1, 5.01E-4,1,1,
28-02-17,19:06:57,CH1,P1  ,1, 2.59E-4,0,1,CH2,P2  ,1, 9.03E-3,0,1,CH3,P3  ,1, 5.00E+0,0,1,CH4,P4  ,1, 8.07E+2,0,1,CH5,P5  ,1, 8.68E+2,0,1,CH6,P6,1, 5.01E-4,1,1,
28-02-17,19:07:59,CH1,P1  ,1, 2.55E-4,0,1,CH2,P2  ,1, 9.13E-3,0,1,CH3,P3  ,1, 5.00E+0,0,1,CH4,P4  ,1, 8.07E+2,0,1,CH5,P5  ,1, 8.69E+2,0,1,CH6,P6,1, 5.01E-4,1,1,
28-02-17,19:08:59,CH1,P1  ,1, 2.52E-4,0,1,CH2,P2  ,1, 9.17E-3,0,1,CH3,P3  ,1, 5.00E+0,0,1,CH4,P4  ,1, 8.07E+2,0,1,CH5,P5  ,1, 8.69E+2,0,1,CH6,P6,1, 5.01E-4,1,1,
28-02-17,19:10:01,CH1,P1  ,1, 2.49E-4,0,1,CH2,P2  ,1, 9.19E-3,0,1,CH3,P3  ,1, 5.00E+0,0,1,CH4,P4  ,1, 8.07E+2,0,1,CH5,P5  ,1, 8.69E+2,0,1,CH6,P6,1, 5.01E-4,1,1,
28-02-17,19:11:03,CH1,P1  ,1, 2.47E-4,0,1,CH2,P2  ,1, 9.21E-3,0,1,CH3,P3  ,1, 5.00E+0,0,1,CH4,P4  ,1, 8.07E+2,0,1,CH5,P5  ,1, 8.68E+2,0,1,CH6,P6,1, 5.01E-4,1,1,
28-02-17,19:12:03,CH1,P1  ,1, 2.43E-4,0,1,CH2,P2  ,1, 9.25E-3,0,1,CH3,P3  ,1, 5.00E+0,0,1,CH4,P4  ,1, 8.07E+2,0,1,CH5,P5  ,1, 8.68E+2,0,1,CH6,P6,1, 5.01E-4,1,1,
28-02-17,19:13:03,CH1,P1  ,1, 2.40E-4,0,1,CH2,P2  ,1, 9.29E-3,0,1,CH3,P3  ,1, 5.00E+0,0,1,CH4,P4  ,1, 8.07E+2,0,1,CH5,P5  ,1, 8.69E+2,0,1,CH6,P6,1, 5.01E-4,1,1,
28-02-17,19:14:03,CH1,P1  ,1, 2.37E-4,0,1,CH2,P2  ,1, 9.33E-3,0,1,CH3,P3  ,1, 5.00E+0,0,1,CH4,P4  ,1, 8.07E+2,0,1,CH5,P5  ,1, 8.70E+2,0,1,CH6,P6,1, 5.01E-4,1,1,
28-02-17,19:15:05,CH1,P1  ,1, 2.34E-4,0,1,CH2,P2  ,1, 9.36E-3,0,1,CH3,P3  ,1, 5.00E+0,0,1,CH4,P4  ,1, 8.07E+2,0,1,CH5,P5  ,1, 8.70E+2,0,1,CH6,P6,1, 5.01E-4,1,1,
28-02-17,19:16:05,CH1,P1  ,1, 2.35E-4,0,1,CH2,P2  ,1, 9.39E-3,0,1,CH3,P3  ,1, 5.00E+0,0,1,CH4,P4  ,1, 8.07E+2,0,1,CH5,P5  ,1, 8.70E+2,0,1,CH6,P6,1, 5.01E-4,1,1,
28-02-17,19:17:07,CH1,P1  ,1, 2.31E-4,0,1,CH2,P2  ,1, 9.41E-3,0,1,CH3,P3  ,1, 5.00E+0,0,1,CH4,P4  ,1, 8.07E+2,0,1,CH5,P5  ,1, 8.69E+2,0,1,CH6,P6,1, 5.01E-4,1,1,
28-02-17,19:18:07,CH1,P1  ,1, 2.27E-4,0,1,CH2,P2  ,1, 9.48E-3,0,1,CH3,P3  ,1, 5.00E+0,0,1,CH4,P4  ,1, 8.07E+2,0,1,CH5,P5  ,1, 8.68E+2,0,1,CH6,P6,1, 5.01E-4,1,1,
28-02-17,19:19:07,CH1,P1  ,1, 2.23E-4,0,1,CH2,P2  ,1, 9.53E-3,0,1,CH3,P3  ,1, 5.00E+0,0,1,CH4,P4  ,1, 8.07E+2,0,1,CH5,P5  ,1, 8.70E+2,0,1,CH6,P6,1, 5.01E-4,1,1,
28-02-17,19:20:09,CH1,P1  ,1, 2.21E-4,0,1,CH2,P2  ,1, 9.58E-3,0,1,CH3,P3  ,1, 5.00E+0,0,1,CH4,P4  ,1, 8.07E+2,0,1,CH5,P5  ,1, 8.69E+2,0,1,CH6,P6,1, 5.01E-4,1,1,
28-02-17,19:21:11,CH1,P1  ,1, 2.18E-4,0,1,CH2,P2  ,1, 9.60E-3,0,1,CH3,P3  ,1, 5.00E+0,0,1,CH4,P4  ,1, 8.07E+2,0,1,CH5,P5  ,1, 8.68E+2,0,1,CH6,P6,1, 5.01E-4,1,1,
28-02-17,19:22:11,CH1,P1  ,1, 2.15E-4,0,1,CH2,P2  ,1, 9.61E-3,0,1,CH3,P3  ,1, 5.00E+0,0,1,CH4,P4  ,1, 8.07E+2,0,1,CH5,P5  ,1, 8.70E+2,0,1,CH6,P6,1, 5.01E-4,1,1,
28-02-17,19:23:13,CH1,P1  ,1, 2.12E-4,0,1,CH2,P2  ,1, 9.63E-3,0,1,CH3,P3  ,1, 5.00E+0,0,1,CH4,P4  ,1, 8.07E+2,0,1,CH5,P5  ,1, 8.70E+2,0,1,CH6,P6,1, 5.01E-4,1,1,
28-02-17,19:24:13,CH1,P1  ,1, 2.11E-4,0,1,CH2,P2  ,1, 9.68E-3,0,1,CH3,P3  ,1, 5.00E+0,0,1,CH4,P4  ,1, 8.07E+2,0,1,CH5,P5  ,1, 8.68E+2,0,1,CH6,P6,1, 5.01E-4,1,1,
28-02-17,19:25:15,CH1,P1  ,1, 2.08E-4,0,1,CH2,P2  ,1, 9.73E-3,0,1,CH3,P3  ,1, 5.00E+0,0,1,CH4,P4  ,1, 8.07E+2,0,1,CH5,P5  ,1, 8.69E+2,0,1,CH6,P6,1, 5.01E-4,1,1,
28-02-17,19:26:17,CH1,P1  ,1, 2.06E-4,0,1,CH2,P2  ,1, 9.78E-3,0,1,CH3,P3  ,1, 6.00E+0,0,1,CH4,P4  ,1, 8.07E+2,0,1,CH5,P5  ,1, 8.68E+2,0,1,CH6,P6,1, 5.01E-4,1,1,
28-02-17,19:27:17,CH1,P1  ,1, 2.04E-4,0,1,CH2,P2  ,1, 9.83E-3,0,1,CH3,P3  ,1, 5.00E+0,0,1,CH4,P4  ,1, 8.07E+2,0,1,CH5,P5  ,1, 8.69E+2,0,1,CH6,P6,1, 5.01E-4,1,1,
28-02-17,19:28:17,CH1,P1  ,1, 2.02E-4,0,1,CH2,P2  ,1, 9.84E-3,0,1,CH3,P3  ,1, 5.00E+0,0,1,CH4,P4  ,1, 8.07E+2,0,1,CH5,P5  ,1, 8.69E+2,0,1,CH6,P6,1, 5.01E-4,1,1,
28-02-17,19:29:19,CH1,P1  ,1, 2.00E-4,0,1,CH2,P2  ,1, 9.88E-3,0,1,CH3,P3  ,1, 6.00E+0,0,1,CH4,P4  ,1, 8.07E+2,0,1,CH5,P5  ,1, 8.72E+2,0,1,CH6,P6,1, 5.01E-4,1,1,
28-02-17,19:30:19,CH1,P1  ,1, 1.98E-4,0,1,CH2,P2  ,1, 9.90E-3,0,1,CH3,P3  ,1, 5.00E+0,0,1,CH4,P4  ,1, 8.07E+2,0,1,CH5,P5  ,1, 8.70E+2,0,1,CH6,P6,1, 5.01E-4,1,1,
28-02-17,19:31:21,CH1,P1  ,1, 1.97E-4,0,1,CH2,P2  ,1, 9.97E-3,0,1,CH3,P3  ,1, 5.00E+0,0,1,CH4,P4  ,1, 8.07E+2,0,1,CH5,P5  ,1, 8.70E+2,0,1,CH6,P6,1, 5.01E-4,1,1,
28-02-17,19:32:21,CH1,P1  ,1, 1.95E-4,0,1,CH2,P2  ,1, 1.00E-2,0,1,CH3,P3  ,1, 5.00E+0,0,1,CH4,P4  ,1, 8.07E+2,0,1,CH5,P5  ,1, 8.70E+2,0,1,CH6,P6,1, 5.01E-4,1,1,
28-02-17,19:33:23,CH1,P1  ,1, 1.93E-4,0,1,CH2,P2  ,1, 1.00E-2,0,1,CH3,P3  ,1, 6.00E+0,0,1,CH4,P4  ,1, 8.07E+2,0,1,CH5,P5  ,1, 8.69E+2,0,1,CH6,P6,1, 5.01E-4,1,1,
28-02-17,19:34:23,CH1,P1  ,1, 1.91E-4,0,1,CH2,P2  ,1, 1.01E-2,0,1,CH3,P3  ,1, 6.00E+0,0,1,CH4,P4  ,1, 8.07E+2,0,1,CH5,P5  ,1, 8.69E+2,0,1,CH6,P6,1, 5.01E-4,1,1,
28-02-17,19:35:25,CH1,P1  ,1, 1.89E-4,0,1,CH2,P2  ,1, 1.01E-2,0,1,CH3,P3  ,1, 6.00E+0,0,1,CH4,P4  ,1, 8.07E+2,0,1,CH5,P5  ,1, 8.70E+2,0,1,CH6,P6,1, 5.01E-4,1,1,
28-02-17,19:36:27,CH1,P1  ,1, 1.87E-4,0,1,CH2,P2  ,1, 1.01E-2,0,1,CH3,P3  ,1, 5.00E+0,0,1,CH4,P4  ,1, 8.07E+2,0,1,CH5,P5  ,1, 8.69E+2,0,1,CH6,P6,1, 5.01E-4,1,1,
28-02-17,19:37:29,CH1,P1  ,1, 1.84E-4,0,1,CH2,P2  ,1, 1.02E-2,0,1,CH3,P3  ,1, 5.00E+0,0,1,CH4,P4  ,1, 8.07E+2,0,1,CH5,P5  ,1, 8.69E+2,0,1,CH6,P6,1, 5.01E-4,1,1,
28-02-17,19:38:29,CH1,P1  ,1, 1.82E-4,0,1,CH2,P2  ,1, 1.02E-2,0,1,CH3,P3  ,1, 5.00E+0,0,1,CH4,P4  ,1, 8.07E+2,0,1,CH5,P5  ,1, 8.70E+2,0,1,CH6,P6,1, 5.01E-4,1,1,
28-02-17,19:39:29,CH1,P1  ,1, 1.79E-4,0,1,CH2,P2  ,1, 1.03E-2,0,1,CH3,P3  ,1, 5.00E+0,0,1,CH4,P4  ,1, 8.07E+2,0,1,CH5,P5  ,1, 8.70E+2,0,1,CH6,P6,1, 5.01E-4,1,1,
28-02-17,19:40:29,CH1,P1  ,1, 1.77E-4,0,1,CH2,P2  ,1, 1.03E-2,0,1,CH3,P3  ,1, 5.00E+0,0,1,CH4,P4  ,1, 8.07E+2,0,1,CH5,P5  ,1, 8.69E+2,0,1,CH6,P6,1, 5.01E-4,1,1,
28-02-17,19:41:31,CH1,P1  ,1, 1.75E-4,0,1,CH2,P2  ,1, 1.04E-2,0,1,CH3,P3  ,1, 5.00E+0,0,1,CH4,P4  ,1, 8.07E+2,0,1,CH5,P5  ,1, 8.71E+2,0,1,CH6,P6,1, 5.01E-4,1,1,
28-02-17,19:42:33,CH1,P1  ,1, 1.73E-4,0,1,CH2,P2  ,1, 1.04E-2,0,1,CH3,P3  ,1, 5.00E+0,0,1,CH4,P4  ,1, 8.07E+2,0,1,CH5,P5  ,1, 8.71E+2,0,1,CH6,P6,1, 5.01E-4,1,1,
28-02-17,19:43:35,CH1,P1  ,1, 1.71E-4,0,1,CH2,P2  ,1, 1.04E-2,0,1,CH3,P3  ,1, 6.00E+0,0,1,CH4,P4  ,1, 8.07E+2,0,1,CH5,P5  ,1, 8.72E+2,0,1,CH6,P6,1, 5.01E-4,1,1,
28-02-17,19:44:37,CH1,P1  ,1, 1.67E-4,0,1,CH2,P2  ,1, 1.05E-2,0,1,CH3,P3  ,1, 5.00E+0,0,1,CH4,P4  ,1, 8.07E+2,0,1,CH5,P5  ,1, 8.71E+2,0,1,CH6,P6,1, 5.01E-4,1,1,
28-02-17,19:45:39,CH1,P1  ,1, 1.66E-4,0,1,CH2,P2  ,1, 1.05E-2,0,1,CH3,P3  ,1, 5.00E+0,0,1,CH4,P4  ,1, 8.07E+2,0,1,CH5,P5  ,1, 8.71E+2,0,1,CH6,P6,1, 5.01E-4,1,1,
28-02-17,19:46:41,CH1,P1  ,1, 1.64E-4,0,1,CH2,P2  ,1, 1.05E-2,0,1,CH3,P3  ,1, 5.00E+0,0,1,CH4,P4  ,1, 8.07E+2,0,1,CH5,P5  ,1, 8.72E+2,0,1,CH6,P6,1, 5.01E-4,1,1,
28-02-17,19:47:43,CH1,P1  ,1, 1.61E-4,0,1,CH2,P2  ,1, 1.06E-2,0,1,CH3,P3  ,1, 5.00E+0,0,1,CH4,P4  ,1, 8.07E+2,0,1,CH5,P5  ,1, 8.72E+2,0,1,CH6,P6,1, 5.01E-4,1,1,
28-02-17,19:48:45,CH1,P1  ,1, 1.53E-4,0,1,CH2,P2  ,1, 1.06E-2,0,1,CH3,P3  ,1, 5.00E+0,0,1,CH4,P4  ,1, 8.07E+2,0,1,CH5,P5  ,1, 8.70E+2,0,1,CH6,P6,1, 5.01E-4,1,1,
28-02-17,19:49:45,CH1,P1  ,1, 1.51E-4,0,1,CH2,P2  ,1, 1.07E-2,0,1,CH3,P3  ,1, 5.00E+0,0,1,CH4,P4  ,1, 8.07E+2,0,1,CH5,P5  ,1, 8.70E+2,0,1,CH6,P6,1, 5.01E-4,1,1,
28-02-17,19:50:47,CH1,P1  ,1, 1.49E-4,0,1,CH2,P2  ,1, 1.07E-2,0,1,CH3,P3  ,1, 6.00E+0,0,1,CH4,P4  ,1, 8.07E+2,0,1,CH5,P5  ,1, 8.71E+2,0,1,CH6,P6,1, 5.01E-4,1,1,
28-02-17,19:51:47,CH1,P1  ,1, 1.46E-4,0,1,CH2,P2  ,1, 1.07E-2,0,1,CH3,P3  ,1, 6.00E+0,0,1,CH4,P4  ,1, 8.07E+2,0,1,CH5,P5  ,1, 8.71E+2,0,1,CH6,P6,1, 5.01E-4,1,1,
28-02-17,19:52:47,CH1,P1  ,1, 1.44E-4,0,1,CH2,P2  ,1, 1.07E-2,0,1,CH3,P3  ,1, 5.00E+0,0,1,CH4,P4  ,1, 8.07E+2,0,1,CH5,P5  ,1, 8.70E+2,0,1,CH6,P6,1, 5.01E-4,1,1,
28-02-17,19:53:49,CH1,P1  ,1, 1.42E-4,0,1,CH2,P2  ,1, 1.08E-2,0,1,CH3,P3  ,1, 5.00E+0,0,1,CH4,P4  ,1, 8.07E+2,0,1,CH5,P5  ,1, 8.70E+2,0,1,CH6,P6,1, 5.01E-4,1,1,
28-02-17,19:54:49,CH1,P1  ,1, 1.41E-4,0,1,CH2,P2  ,1, 1.08E-2,0,1,CH3,P3  ,1, 6.00E+0,0,1,CH4,P4  ,1, 8.07E+2,0,1,CH5,P5  ,1, 8.71E+2,0,1,CH6,P6,1, 5.01E-4,1,1,
28-02-17,19:55:51,CH1,P1  ,1, 1.39E-4,0,1,CH2,P2  ,1, 1.09E-2,0,1,CH3,P3  ,1, 5.00E+0,0,1,CH4,P4  ,1, 8.07E+2,0,1,CH5,P5  ,1, 8.71E+2,0,1,CH6,P6,1, 5.01E-4,1,1,
28-02-17,19:56:53,CH1,P1  ,1, 1.38E-4,0,1,CH2,P2  ,1, 1.09E-2,0,1,CH3,P3  ,1, 6.00E+0,0,1,CH4,P4  ,1, 8.07E+2,0,1,CH5,P5  ,1, 8.71E+2,0,1,CH6,P6,1, 5.01E-4,1,1,
28-02-17,19:57:53,CH1,P1  ,1, 1.36E-4,0,1,CH2,P2  ,1, 1.10E-2,0,1,CH3,P3  ,1, 5.00E+0,0,1,CH4,P4  ,1, 8.07E+2,0,1,CH5,P5  ,1, 8.70E+2,0,1,CH6,P6,1, 5.01E-4,1,1,
28-02-17,19:58:53,CH1,P1  ,1, 1.35E-4,0,1,CH2,P2  ,1, 1.10E-2,0,1,CH3,P3  ,1, 5.00E+0,0,1,CH4,P4  ,1, 8.07E+2,0,1,CH5,P5  ,1, 8.71E+2,0,1,CH6,P6,1, 5.01E-4,1,1,
28-02-17,19:59:53,CH1,P1  ,1, 1.33E-4,0,1,CH2,P2  ,1, 1.10E-2,0,1,CH3,P3  ,1, 5.00E+0,0,1,CH4,P4  ,1, 8.07E+2,0,1,CH5,P5  ,1, 8.71E+2,0,1,CH6,P6,1, 5.01E-4,1,1,
28-02-17,20:00:53,CH1,P1  ,1, 1.31E-4,0,1,CH2,P2  ,1, 1.10E-2,0,1,CH3,P3  ,1, 6.00E+0,0,1,CH4,P4  ,1, 8.07E+2,0,1,CH5,P5  ,1, 8.72E+2,0,1,CH6,P6,1, 5.01E-4,1,1,
28-02-17,20:01:55,CH1,P1  ,1, 1.30E-4,0,1,CH2,P2  ,1, 1.10E-2,0,1,CH3,P3  ,1, 5.00E+0,0,1,CH4,P4  ,1, 8.07E+2,0,1,CH5,P5  ,1, 8.72E+2,0,1,CH6,P6,1, 5.01E-4,1,1,
28-02-17,20:02:55,CH1,P1  ,1, 1.28E-4,0,1,CH2,P2  ,1, 1.11E-2,0,1,CH3,P3  ,1, 5.00E+0,0,1,CH4,P4  ,1, 8.07E+2,0,1,CH5,P5  ,1, 8.71E+2,0,1,CH6,P6,1, 5.01E-4,1,1,
28-02-17,20:03:55,CH1,P1  ,1, 1.27E-4,0,1,CH2,P2  ,1, 1.12E-2,0,1,CH3,P3  ,1, 6.00E+0,0,1,CH4,P4  ,1, 8.07E+2,0,1,CH5,P5  ,1, 8.71E+2,0,1,CH6,P6,1, 5.01E-4,1,1,
28-02-17,20:04:57,CH1,P1  ,1, 1.26E-4,0,1,CH2,P2  ,1, 1.12E-2,0,1,CH3,P3  ,1, 6.00E+0,0,1,CH4,P4  ,1, 8.07E+2,0,1,CH5,P5  ,1, 8.70E+2,0,1,CH6,P6,1, 5.01E-4,1,1,
28-02-17,20:05:59,CH1,P1  ,1, 1.24E-4,0,1,CH2,P2  ,1, 1.12E-2,0,1,CH3,P3  ,1, 6.00E+0,0,1,CH4,P4  ,1, 8.07E+2,0,1,CH5,P5  ,1, 8.72E+2,0,1,CH6,P6,1, 5.01E-4,1,1,
28-02-17,20:07:01,CH1,P1  ,1, 1.23E-4,0,1,CH2,P2  ,1, 1.13E-2,0,1,CH3,P3  ,1, 6.00E+0,0,1,CH4,P4  ,1, 8.07E+2,0,1,CH5,P5  ,1, 8.72E+2,0,1,CH6,P6,1, 5.01E-4,1,1,
28-02-17,20:08:01,CH1,P1  ,1, 1.22E-4,0,1,CH2,P2  ,1, 1.13E-2,0,1,CH3,P3  ,1, 6.00E+0,0,1,CH4,P4  ,1, 8.07E+2,0,1,CH5,P5  ,1, 8.71E+2,0,1,CH6,P6,1, 5.01E-4,1,1,
28-02-17,20:09:03,CH1,P1  ,1, 1.20E-4,0,1,CH2,P2  ,1, 1.13E-2,0,1,CH3,P3  ,1, 6.00E+0,0,1,CH4,P4  ,1, 8.07E+2,0,1,CH5,P5  ,1, 8.71E+2,0,1,CH6,P6,1, 5.01E-4,1,1,
28-02-17,20:10:03,CH1,P1  ,1, 1.19E-4,0,1,CH2,P2  ,1, 1.13E-2,0,1,CH3,P3  ,1, 6.00E+0,0,1,CH4,P4  ,1, 8.07E+2,0,1,CH5,P5  ,1, 8.71E+2,0,1,CH6,P6,1, 5.01E-4,1,1,
28-02-17,20:11:05,CH1,P1  ,1, 1.18E-4,0,1,CH2,P2  ,1, 1.14E-2,0,1,CH3,P3  ,1, 6.00E+0,0,1,CH4,P4  ,1, 8.07E+2,0,1,CH5,P5  ,1, 8.72E+2,0,1,CH6,P6,1, 5.01E-4,1,1,
28-02-17,20:12:05,CH1,P1  ,1, 1.17E-4,0,1,CH2,P2  ,1, 1.15E-2,0,1,CH3,P3  ,1, 6.00E+0,0,1,CH4,P4  ,1, 8.07E+2,0,1,CH5,P5  ,1, 8.72E+2,0,1,CH6,P6,1, 5.01E-4,1,1,
28-02-17,20:13:05,CH1,P1  ,1, 1.16E-4,0,1,CH2,P2  ,1, 1.15E-2,0,1,CH3,P3  ,1, 6.00E+0,0,1,CH4,P4  ,1, 8.07E+2,0,1,CH5,P5  ,1, 8.71E+2,0,1,CH6,P6,1, 5.01E-4,1,1,
28-02-17,20:14:05,CH1,P1  ,1, 1.15E-4,0,1,CH2,P2  ,1, 1.15E-2,0,1,CH3,P3  ,1, 5.00E+0,0,1,CH4,P4  ,1, 8.07E+2,0,1,CH5,P5  ,1, 8.71E+2,0,1,CH6,P6,1, 5.01E-4,1,1,
28-02-17,20:15:07,CH1,P1  ,1, 1.14E-4,0,1,CH2,P2  ,1, 1.15E-2,0,1,CH3,P3  ,1, 6.00E+0,0,1,CH4,P4  ,1, 8.07E+2,0,1,CH5,P5  ,1, 8.72E+2,0,1,CH6,P6,1, 5.01E-4,1,1,
28-02-17,20:16:07,CH1,P1  ,1, 1.13E-4,0,1,CH2,P2  ,1, 1.16E-2,0,1,CH3,P3  ,1, 6.00E+0,0,1,CH4,P4  ,1, 8.07E+2,0,1,CH5,P5  ,1, 8.71E+2,0,1,CH6,P6,1, 5.01E-4,1,1,
28-02-17,20:17:07,CH1,P1  ,1, 1.12E-4,0,1,CH2,P2  ,1, 1.16E-2,0,1,CH3,P3  ,1, 6.00E+0,0,1,CH4,P4  ,1, 8.07E+2,0,1,CH5,P5  ,1, 8.71E+2,0,1,CH6,P6,1, 5.01E-4,1,1,
28-02-17,20:18:09,CH1,P1  ,1, 1.11E-4,0,1,CH2,P2  ,1, 1.17E-2,0,1,CH3,P3  ,1, 6.00E+0,0,1,CH4,P4  ,1, 8.07E+2,0,1,CH5,P5  ,1, 8.72E+2,0,1,CH6,P6,1, 5.01E-4,1,1,
28-02-17,20:19:09,CH1,P1  ,1, 1.10E-4,0,1,CH2,P2  ,1, 1.17E-2,0,1,CH3,P3  ,1, 6.00E+0,0,1,CH4,P4  ,1, 8.07E+2,0,1,CH5,P5  ,1, 8.72E+2,0,1,CH6,P6,1, 5.01E-4,1,1,
28-02-17,20:20:09,CH1,P1  ,1, 1.09E-4,0,1,CH2,P2  ,1, 1.18E-2,0,1,CH3,P3  ,1, 6.00E+0,0,1,CH4,P4  ,1, 8.07E+2,0,1,CH5,P5  ,1, 8.73E+2,0,1,CH6,P6,1, 5.01E-4,1,1,
28-02-17,20:21:11,CH1,P1  ,1, 1.08E-4,0,1,CH2,P2  ,1, 1.18E-2,0,1,CH3,P3  ,1, 6.00E+0,0,1,CH4,P4  ,1, 8.07E+2,0,1,CH5,P5  ,1, 8.72E+2,0,1,CH6,P6,1, 5.01E-4,1,1,
28-02-17,20:22:11,CH1,P1  ,1, 1.07E-4,0,1,CH2,P2  ,1, 1.18E-2,0,1,CH3,P3  ,1, 6.00E+0,0,1,CH4,P4  ,1, 8.07E+2,0,1,CH5,P5  ,1, 8.72E+2,0,1,CH6,P6,1, 5.01E-4,1,1,
28-02-17,20:23:11,CH1,P1  ,1, 1.06E-4,0,1,CH2,P2  ,1, 1.18E-2,0,1,CH3,P3  ,1, 6.00E+0,0,1,CH4,P4  ,1, 8.07E+2,0,1,CH5,P5  ,1, 8.72E+2,0,1,CH6,P6,1, 5.01E-4,1,1,
28-02-17,20:24:11,CH1,P1  ,1, 1.05E-4,0,1,CH2,P2  ,1, 1.19E-2,0,1,CH3,P3  ,1, 6.00E+0,0,1,CH4,P4  ,1, 8.07E+2,0,1,CH5,P5  ,1, 8.72E+2,0,1,CH6,P6,1, 5.01E-4,1,1,
28-02-17,20:25:13,CH1,P1  ,1, 1.04E-4,0,1,CH2,P2  ,1, 1.19E-2,0,1,CH3,P3  ,1, 6.00E+0,0,1,CH4,P4  ,1, 8.07E+2,0,1,CH5,P5  ,1, 8.72E+2,0,1,CH6,P6,1, 5.01E-4,1,1,
28-02-17,20:26:13,CH1,P1  ,1, 1.03E-4,0,1,CH2,P2  ,1, 1.19E-2,0,1,CH3,P3  ,1, 6.00E+0,0,1,CH4,P4  ,1, 8.06E+2,0,1,CH5,P5  ,1, 8.73E+2,0,1,CH6,P6,1, 5.01E-4,1,1,
28-02-17,20:27:15,CH1,P1  ,1, 1.02E-4,0,1,CH2,P2  ,1, 1.20E-2,0,1,CH3,P3  ,1, 6.00E+0,0,1,CH4,P4  ,1, 8.07E+2,0,1,CH5,P5  ,1, 8.73E+2,0,1,CH6,P6,1, 5.01E-4,1,1,
28-02-17,20:28:15,CH1,P1  ,1, 1.01E-4,0,1,CH2,P2  ,1, 1.20E-2,0,1,CH3,P3  ,1, 6.00E+0,0,1,CH4,P4  ,1, 8.07E+2,0,1,CH5,P5  ,1, 8.72E+2,0,1,CH6,P6,1, 5.01E-4,1,1,
28-02-17,20:29:17,CH1,P1  ,1, 1.01E-4,0,1,CH2,P2  ,1, 1.21E-2,0,1,CH3,P3  ,1, 6.00E+0,0,1,CH4,P4  ,1, 8.07E+2,0,1,CH5,P5  ,1, 8.72E+2,0,1,CH6,P6,1, 5.01E-4,1,1,
28-02-17,20:30:17,CH1,P1  ,1, 9.95E-5,0,1,CH2,P2  ,1, 1.21E-2,0,1,CH3,P3  ,1, 6.00E+0,0,1,CH4,P4  ,1, 8.07E+2,0,1,CH5,P5  ,1, 8.73E+2,0,1,CH6,P6,1, 5.01E-4,1,1,
28-02-17,20:31:19,CH1,P1  ,1, 9.84E-5,0,1,CH2,P2  ,1, 1.22E-2,0,1,CH3,P3  ,1, 6.00E+0,0,1,CH4,P4  ,1, 8.06E+2,0,1,CH5,P5  ,1, 8.72E+2,0,1,CH6,P6,1, 5.01E-4,1,1,
28-02-17,20:32:21,CH1,P1  ,1, 9.75E-5,0,1,CH2,P2  ,1, 1.22E-2,0,1,CH3,P3  ,1, 6.00E+0,0,1,CH4,P4  ,1, 8.07E+2,0,1,CH5,P5  ,1, 8.72E+2,0,1,CH6,P6,1, 5.01E-4,1,1,
28-02-17,20:33:21,CH1,P1  ,1, 9.68E-5,0,1,CH2,P2  ,1, 1.22E-2,0,1,CH3,P3  ,1, 6.00E+0,0,1,CH4,P4  ,1, 8.06E+2,0,1,CH5,P5  ,1, 8.73E+2,0,1,CH6,P6,1, 5.01E-4,1,1,
28-02-17,20:34:21,CH1,P1  ,1, 9.62E-5,0,1,CH2,P2  ,1, 1.22E-2,0,1,CH3,P3  ,1, 6.00E+0,0,1,CH4,P4  ,1, 8.07E+2,0,1,CH5,P5  ,1, 8.74E+2,0,1,CH6,P6,1, 5.01E-4,1,1,
28-02-17,20:35:23,CH1,P1  ,1, 9.55E-5,0,1,CH2,P2  ,1, 1.23E-2,0,1,CH3,P3  ,1, 6.00E+0,0,1,CH4,P4  ,1, 8.07E+2,0,1,CH5,P5  ,1, 8.72E+2,0,1,CH6,P6,1, 5.01E-4,1,1,
28-02-17,20:36:25,CH1,P1  ,1, 9.49E-5,0,1,CH2,P2  ,1, 1.23E-2,0,1,CH3,P3  ,1, 6.00E+0,0,1,CH4,P4  ,1, 8.07E+2,0,1,CH5,P5  ,1, 8.72E+2,0,1,CH6,P6,1, 5.01E-4,1,1,
28-02-17,20:37:25,CH1,P1  ,1, 9.41E-5,0,1,CH2,P2  ,1, 1.24E-2,0,1,CH3,P3  ,1, 6.00E+0,0,1,CH4,P4  ,1, 8.07E+2,0,1,CH5,P5  ,1, 8.72E+2,0,1,CH6,P6,1, 5.01E-4,1,1,
28-02-17,20:38:25,CH1,P1  ,1, 9.35E-5,0,1,CH2,P2  ,1, 1.24E-2,0,1,CH3,P3  ,1, 6.00E+0,0,1,CH4,P4  ,1, 8.06E+2,0,1,CH5,P5  ,1, 8.73E+2,0,1,CH6,P6,1, 5.01E-4,1,1,
28-02-17,20:39:27,CH1,P1  ,1, 9.24E-5,0,1,CH2,P2  ,1, 1.24E-2,0,1,CH3,P3  ,1, 6.00E+0,0,1,CH4,P4  ,1, 8.06E+2,0,1,CH5,P5  ,1, 8.73E+2,0,1,CH6,P6,1, 5.01E-4,1,1,
28-02-17,20:40:29,CH1,P1  ,1, 9.18E-5,0,1,CH2,P2  ,1, 1.24E-2,0,1,CH3,P3  ,1, 6.00E+0,0,1,CH4,P4  ,1, 8.06E+2,0,1,CH5,P5  ,1, 8.73E+2,0,1,CH6,P6,1, 5.01E-4,1,1,
28-02-17,20:41:31,CH1,P1  ,1, 9.12E-5,0,1,CH2,P2  ,1, 1.24E-2,0,1,CH3,P3  ,1, 6.00E+0,0,1,CH4,P4  ,1, 8.06E+2,0,1,CH5,P5  ,1, 8.73E+2,0,1,CH6,P6,1, 5.01E-4,1,1,
28-02-17,20:42:33,CH1,P1  ,1, 9.03E-5,0,1,CH2,P2  ,1, 1.25E-2,0,1,CH3,P3  ,1, 6.00E+0,0,1,CH4,P4  ,1, 8.06E+2,0,1,CH5,P5  ,1, 8.72E+2,0,1,CH6,P6,1, 5.01E-4,1,1,
28-02-17,20:43:35,CH1,P1  ,1, 8.92E-5,0,1,CH2,P2  ,1, 1.26E-2,0,1,CH3,P3  ,1, 6.00E+0,0,1,CH4,P4  ,1, 8.06E+2,0,1,CH5,P5  ,1, 8.72E+2,0,1,CH6,P6,1, 5.01E-4,1,1,
28-02-17,20:44:35,CH1,P1  ,1, 8.86E-5,0,1,CH2,P2  ,1, 1.26E-2,0,1,CH3,P3  ,1, 6.00E+0,0,1,CH4,P4  ,1, 8.06E+2,0,1,CH5,P5  ,1, 8.72E+2,0,1,CH6,P6,1, 5.01E-4,1,1,
28-02-17,20:45:37,CH1,P1  ,1, 8.74E-5,0,1,CH2,P2  ,1, 1.27E-2,0,1,CH3,P3  ,1, 6.00E+0,0,1,CH4,P4  ,1, 8.06E+2,0,1,CH5,P5  ,1, 8.74E+2,0,1,CH6,P6,1, 5.01E-4,1,1,
28-02-17,20:46:37,CH1,P1  ,1, 8.66E-5,0,1,CH2,P2  ,1, 1.27E-2,0,1,CH3,P3  ,1, 6.00E+0,0,1,CH4,P4  ,1, 8.06E+2,0,1,CH5,P5  ,1, 8.73E+2,0,1,CH6,P6,1, 5.01E-4,1,1,
28-02-17,20:47:39,CH1,P1  ,1, 8.54E-5,0,1,CH2,P2  ,1, 1.27E-2,0,1,CH3,P3  ,1, 6.00E+0,0,1,CH4,P4  ,1, 8.06E+2,0,1,CH5,P5  ,1, 8.73E+2,0,1,CH6,P6,1, 5.01E-4,1,1,
28-02-17,20:48:41,CH1,P1  ,1, 8.46E-5,0,1,CH2,P2  ,1, 1.27E-2,0,1,CH3,P3  ,1, 6.00E+0,0,1,CH4,P4  ,1, 8.06E+2,0,1,CH5,P5  ,1, 8.73E+2,0,1,CH6,P6,1, 5.01E-4,1,1,
28-02-17,20:49:41,CH1,P1  ,1, 8.37E-5,0,1,CH2,P2  ,1, 1.28E-2,0,1,CH3,P3  ,1, 6.00E+0,0,1,CH4,P4  ,1, 8.06E+2,0,1,CH5,P5  ,1, 8.73E+2,0,1,CH6,P6,1, 5.01E-4,1,1,
28-02-17,20:50:41,CH1,P1  ,1, 8.30E-5,0,1,CH2,P2  ,1, 1.28E-2,0,1,CH3,P3  ,1, 6.00E+0,0,1,CH4,P4  ,1, 8.06E+2,0,1,CH5,P5  ,1, 8.73E+2,0,1,CH6,P6,1, 5.01E-4,1,1,
28-02-17,20:51:43,CH1,P1  ,1, 8.22E-5,0,1,CH2,P2  ,1, 1.29E-2,0,1,CH3,P3  ,1, 6.00E+0,0,1,CH4,P4  ,1, 8.06E+2,0,1,CH5,P5  ,1, 8.73E+2,0,1,CH6,P6,1, 5.01E-4,1,1,
28-02-17,20:52:43,CH1,P1  ,1, 8.18E-5,0,1,CH2,P2  ,1, 1.29E-2,0,1,CH3,P3  ,1, 6.00E+0,0,1,CH4,P4  ,1, 8.06E+2,0,1,CH5,P5  ,1, 8.73E+2,0,1,CH6,P6,1, 5.01E-4,1,1,
28-02-17,20:53:45,CH1,P1  ,1, 8.12E-5,0,1,CH2,P2  ,1, 1.30E-2,0,1,CH3,P3  ,1, 6.00E+0,0,1,CH4,P4  ,1, 8.06E+2,0,1,CH5,P5  ,1, 8.73E+2,0,1,CH6,P6,1, 5.01E-4,1,1,
28-02-17,20:54:47,CH1,P1  ,1, 8.05E-5,0,1,CH2,P2  ,1, 1.30E-2,0,1,CH3,P3  ,1, 6.00E+0,0,1,CH4,P4  ,1, 8.06E+2,0,1,CH5,P5  ,1, 8.72E+2,0,1,CH6,P6,1, 5.01E-4,1,1,
28-02-17,20:55:47,CH1,P1  ,1, 7.98E-5,0,1,CH2,P2  ,1, 1.30E-2,0,1,CH3,P3  ,1, 6.00E+0,0,1,CH4,P4  ,1, 8.06E+2,0,1,CH5,P5  ,1, 8.72E+2,0,1,CH6,P6,1, 5.01E-4,1,1,
28-02-17,20:56:47,CH1,P1  ,1, 7.90E-5,0,1,CH2,P2  ,1, 1.30E-2,0,1,CH3,P3  ,1, 6.00E+0,0,1,CH4,P4  ,1, 8.06E+2,0,1,CH5,P5  ,1, 8.72E+2,0,1,CH6,P6,1, 5.01E-4,1,1,
28-02-17,20:57:47,CH1,P1  ,1, 7.84E-5,0,1,CH2,P2  ,1, 1.30E-2,0,1,CH3,P3  ,1, 6.00E+0,0,1,CH4,P4  ,1, 8.06E+2,0,1,CH5,P5  ,1, 8.72E+2,0,1,CH6,P6,1, 5.01E-4,1,1,
28-02-17,20:58:49,CH1,P1  ,1, 7.80E-5,0,1,CH2,P2  ,1, 1.31E-2,0,1,CH3,P3  ,1, 6.00E+0,0,1,CH4,P4  ,1, 8.06E+2,0,1,CH5,P5  ,1, 8.72E+2,0,1,CH6,P6,1, 5.01E-4,1,1,
28-02-17,20:59:51,CH1,P1  ,1, 7.73E-5,0,1,CH2,P2  ,1, 1.32E-2,0,1,CH3,P3  ,1, 6.00E+0,0,1,CH4,P4  ,1, 8.06E+2,0,1,CH5,P5  ,1, 8.73E+2,0,1,CH6,P6,1, 5.01E-4,1,1,
28-02-17,21:00:51,CH1,P1  ,1, 7.67E-5,0,1,CH2,P2  ,1, 1.32E-2,0,1,CH3,P3  ,1, 6.00E+0,0,1,CH4,P4  ,1, 8.06E+2,0,1,CH5,P5  ,1, 8.72E+2,0,1,CH6,P6,1, 5.01E-4,1,1,
28-02-17,21:01:53,CH1,P1  ,1, 7.62E-5,0,1,CH2,P2  ,1, 1.33E-2,0,1,CH3,P3  ,1, 6.00E+0,0,1,CH4,P4  ,1, 8.06E+2,0,1,CH5,P5  ,1, 8.72E+2,0,1,CH6,P6,1, 5.01E-4,1,1,
28-02-17,21:02:55,CH1,P1  ,1, 7.55E-5,0,1,CH2,P2  ,1, 1.33E-2,0,1,CH3,P3  ,1, 6.00E+0,0,1,CH4,P4  ,1, 8.06E+2,0,1,CH5,P5  ,1, 8.72E+2,0,1,CH6,P6,1, 5.01E-4,1,1,
28-02-17,21:03:55,CH1,P1  ,1, 7.50E-5,0,1,CH2,P2  ,1, 1.33E-2,0,1,CH3,P3  ,1, 6.00E+0,0,1,CH4,P4  ,1, 8.06E+2,0,1,CH5,P5  ,1, 8.72E+2,0,1,CH6,P6,1, 5.01E-4,1,1,
28-02-17,21:04:57,CH1,P1  ,1, 7.43E-5,0,1,CH2,P2  ,1, 1.33E-2,0,1,CH3,P3  ,1, 6.00E+0,0,1,CH4,P4  ,1, 8.06E+2,0,1,CH5,P5  ,1, 8.72E+2,0,1,CH6,P6,1, 5.01E-4,1,1,
28-02-17,21:05:57,CH1,P1  ,1, 7.39E-5,0,1,CH2,P2  ,1, 1.34E-2,0,1,CH3,P3  ,1, 6.00E+0,0,1,CH4,P4  ,1, 8.06E+2,0,1,CH5,P5  ,1, 8.72E+2,0,1,CH6,P6,1, 5.01E-4,1,1,
28-02-17,21:06:59,CH1,P1  ,1, 7.29E-5,0,1,CH2,P2  ,1, 1.34E-2,0,1,CH3,P3  ,1, 6.00E+0,0,1,CH4,P4  ,1, 8.06E+2,0,1,CH5,P5  ,1, 8.73E+2,0,1,CH6,P6,1, 5.01E-4,1,1,
28-02-17,21:08:01,CH1,P1  ,1, 7.24E-5,0,1,CH2,P2  ,1, 1.35E-2,0,1,CH3,P3  ,1, 6.00E+0,0,1,CH4,P4  ,1, 8.06E+2,0,1,CH5,P5  ,1, 8.73E+2,0,1,CH6,P6,1, 5.01E-4,1,1,
28-02-17,21:09:01,CH1,P1  ,1, 7.17E-5,0,1,CH2,P2  ,1, 1.35E-2,0,1,CH3,P3  ,1, 6.00E+0,0,1,CH4,P4  ,1, 8.06E+2,0,1,CH5,P5  ,1, 8.73E+2,0,1,CH6,P6,1, 5.01E-4,1,1,
28-02-17,21:10:03,CH1,P1  ,1, 7.15E-5,0,1,CH2,P2  ,1, 1.36E-2,0,1,CH3,P3  ,1, 6.00E+0,0,1,CH4,P4  ,1, 8.06E+2,0,1,CH5,P5  ,1, 8.72E+2,0,1,CH6,P6,1, 5.01E-4,1,1,
28-02-17,21:11:03,CH1,P1  ,1, 7.16E-5,0,1,CH2,P2  ,1, 1.36E-2,0,1,CH3,P3  ,1, 6.00E+0,0,1,CH4,P4  ,1, 8.06E+2,0,1,CH5,P5  ,1, 8.72E+2,0,1,CH6,P6,1, 5.01E-4,1,1,
28-02-17,21:12:05,CH1,P1  ,1, 7.13E-5,0,1,CH2,P2  ,1, 1.36E-2,0,1,CH3,P3  ,1, 6.00E+0,0,1,CH4,P4  ,1, 8.06E+2,0,1,CH5,P5  ,1, 8.73E+2,0,1,CH6,P6,1, 5.01E-4,1,1,
28-02-17,21:13:07,CH1,P1  ,1, 7.09E-5,0,1,CH2,P2  ,1, 1.36E-2,0,1,CH3,P3  ,1, 6.00E+0,0,1,CH4,P4  ,1, 8.06E+2,0,1,CH5,P5  ,1, 8.72E+2,0,1,CH6,P6,1, 5.01E-4,1,1,
28-02-17,21:14:07,CH1,P1  ,1, 7.03E-5,0,1,CH2,P2  ,1, 1.37E-2,0,1,CH3,P3  ,1, 6.00E+0,0,1,CH4,P4  ,1, 8.06E+2,0,1,CH5,P5  ,1, 8.72E+2,0,1,CH6,P6,1, 5.01E-4,1,1,
28-02-17,21:15:07,CH1,P1  ,1, 6.98E-5,0,1,CH2,P2  ,1, 1.37E-2,0,1,CH3,P3  ,1, 6.00E+0,0,1,CH4,P4  ,1, 8.06E+2,0,1,CH5,P5  ,1, 8.73E+2,0,1,CH6,P6,1, 5.01E-4,1,1,
28-02-17,21:16:09,CH1,P1  ,1, 6.95E-5,0,1,CH2,P2  ,1, 1.38E-2,0,1,CH3,P3  ,1, 6.00E+0,0,1,CH4,P4  ,1, 8.06E+2,0,1,CH5,P5  ,1, 8.72E+2,0,1,CH6,P6,1, 5.01E-4,1,1,
28-02-17,21:17:11,CH1,P1  ,1, 6.88E-5,0,1,CH2,P2  ,1, 1.38E-2,0,1,CH3,P3  ,1, 6.00E+0,0,1,CH4,P4  ,1, 8.06E+2,0,1,CH5,P5  ,1, 8.72E+2,0,1,CH6,P6,1, 5.01E-4,1,1,
28-02-17,21:18:13,CH1,P1  ,1, 6.83E-5,0,1,CH2,P2  ,1, 1.39E-2,0,1,CH3,P3  ,1, 6.00E+0,0,1,CH4,P4  ,1, 8.06E+2,0,1,CH5,P5  ,1, 8.74E+2,0,1,CH6,P6,1, 5.01E-4,1,1,
28-02-17,21:19:13,CH1,P1  ,1, 6.78E-5,0,1,CH2,P2  ,1, 1.39E-2,0,1,CH3,P3  ,1, 6.00E+0,0,1,CH4,P4  ,1, 8.06E+2,0,1,CH5,P5  ,1, 8.72E+2,0,1,CH6,P6,1, 5.01E-4,1,1,
28-02-17,21:20:15,CH1,P1  ,1, 6.71E-5,0,1,CH2,P2  ,1, 1.39E-2,0,1,CH3,P3  ,1, 6.00E+0,0,1,CH4,P4  ,1, 8.06E+2,0,1,CH5,P5  ,1, 8.72E+2,0,1,CH6,P6,1, 5.01E-4,1,1,
28-02-17,21:21:17,CH1,P1  ,1, 6.66E-5,0,1,CH2,P2  ,1, 1.39E-2,0,1,CH3,P3  ,1, 6.00E+0,0,1,CH4,P4  ,1, 8.06E+2,0,1,CH5,P5  ,1, 8.73E+2,0,1,CH6,P6,1, 5.01E-4,1,1,
28-02-17,21:22:19,CH1,P1  ,1, 6.59E-5,0,1,CH2,P2  ,1, 1.40E-2,0,1,CH3,P3  ,1, 6.00E+0,0,1,CH4,P4  ,1, 8.06E+2,0,1,CH5,P5  ,1, 8.72E+2,0,1,CH6,P6,1, 5.01E-4,1,1,
28-02-17,21:23:19,CH1,P1  ,1, 6.52E-5,0,1,CH2,P2  ,1, 1.40E-2,0,1,CH3,P3  ,1, 6.00E+0,0,1,CH4,P4  ,1, 8.06E+2,0,1,CH5,P5  ,1, 8.73E+2,0,1,CH6,P6,1, 5.01E-4,1,1,
28-02-17,21:24:21,CH1,P1  ,1, 6.49E-5,0,1,CH2,P2  ,1, 1.40E-2,0,1,CH3,P3  ,1, 6.00E+0,0,1,CH4,P4  ,1, 8.06E+2,0,1,CH5,P5  ,1, 8.73E+2,0,1,CH6,P6,1, 5.01E-4,1,1,
28-02-17,21:25:23,CH1,P1  ,1, 6.42E-5,0,1,CH2,P2  ,1, 1.41E-2,0,1,CH3,P3  ,1, 6.00E+0,0,1,CH4,P4  ,1, 8.06E+2,0,1,CH5,P5  ,1, 8.73E+2,0,1,CH6,P6,1, 5.01E-4,1,1,
28-02-17,21:26:23,CH1,P1  ,1, 6.37E-5,0,1,CH2,P2  ,1, 1.41E-2,0,1,CH3,P3  ,1, 6.00E+0,0,1,CH4,P4  ,1, 8.06E+2,0,1,CH5,P5  ,1, 8.73E+2,0,1,CH6,P6,1, 5.01E-4,1,1,
28-02-17,21:27:23,CH1,P1  ,1, 6.33E-5,0,1,CH2,P2  ,1, 1.42E-2,0,1,CH3,P3  ,1, 6.00E+0,0,1,CH4,P4  ,1, 8.06E+2,0,1,CH5,P5  ,1, 8.73E+2,0,1,CH6,P6,1, 5.01E-4,1,1,
28-02-17,21:28:23,CH1,P1  ,1, 6.27E-5,0,1,CH2,P2  ,1, 1.42E-2,0,1,CH3,P3  ,1, 6.00E+0,0,1,CH4,P4  ,1, 8.06E+2,0,1,CH5,P5  ,1, 8.73E+2,0,1,CH6,P6,1, 5.01E-4,1,1,
28-02-17,21:29:25,CH1,P1  ,1, 6.22E-5,0,1,CH2,P2  ,1, 1.42E-2,0,1,CH3,P3  ,1, 6.00E+0,0,1,CH4,P4  ,1, 8.06E+2,0,1,CH5,P5  ,1, 8.72E+2,0,1,CH6,P6,1, 5.01E-4,1,1,
28-02-17,21:30:25,CH1,P1  ,1, 6.16E-5,0,1,CH2,P2  ,1, 1.43E-2,0,1,CH3,P3  ,1, 6.00E+0,0,1,CH4,P4  ,1, 8.05E+2,0,1,CH5,P5  ,1, 8.74E+2,0,1,CH6,P6,1, 5.01E-4,1,1,
28-02-17,21:31:27,CH1,P1  ,1, 6.13E-5,0,1,CH2,P2  ,1, 1.43E-2,0,1,CH3,P3  ,1, 6.00E+0,0,1,CH4,P4  ,1, 8.06E+2,0,1,CH5,P5  ,1, 8.73E+2,0,1,CH6,P6,1, 5.01E-4,1,1,
28-02-17,21:32:29,CH1,P1  ,1, 6.09E-5,0,1,CH2,P2  ,1, 1.43E-2,0,1,CH3,P3  ,1, 6.00E+0,0,1,CH4,P4  ,1, 8.05E+2,0,1,CH5,P5  ,1, 8.73E+2,0,1,CH6,P6,1, 5.01E-4,1,1,
28-02-17,21:33:29,CH1,P1  ,1, 6.03E-5,0,1,CH2,P2  ,1, 1.44E-2,0,1,CH3,P3  ,1, 6.00E+0,0,1,CH4,P4  ,1, 8.06E+2,0,1,CH5,P5  ,1, 8.73E+2,0,1,CH6,P6,1, 5.01E-4,1,1,
28-02-17,21:34:31,CH1,P1  ,1, 5.97E-5,0,1,CH2,P2  ,1, 1.44E-2,0,1,CH3,P3  ,1, 6.00E+0,0,1,CH4,P4  ,1, 8.05E+2,0,1,CH5,P5  ,1, 8.73E+2,0,1,CH6,P6,1, 5.01E-4,1,1,
28-02-17,21:35:33,CH1,P1  ,1, 5.92E-5,0,1,CH2,P2  ,1, 1.45E-2,0,1,CH3,P3  ,1, 6.00E+0,0,1,CH4,P4  ,1, 8.05E+2,0,1,CH5,P5  ,1, 8.73E+2,0,1,CH6,P6,1, 5.01E-4,1,1,
28-02-17,21:36:33,CH1,P1  ,1, 5.87E-5,0,1,CH2,P2  ,1, 1.45E-2,0,1,CH3,P3  ,1, 6.00E+0,0,1,CH4,P4  ,1, 8.06E+2,0,1,CH5,P5  ,1, 8.72E+2,0,1,CH6,P6,1, 5.01E-4,1,1,
28-02-17,21:37:33,CH1,P1  ,1, 5.85E-5,0,1,CH2,P2  ,1, 1.45E-2,0,1,CH3,P3  ,1, 6.00E+0,0,1,CH4,P4  ,1, 8.05E+2,0,1,CH5,P5  ,1, 8.72E+2,0,1,CH6,P6,1, 5.01E-4,1,1,
28-02-17,21:38:35,CH1,P1  ,1, 5.80E-5,0,1,CH2,P2  ,1, 1.46E-2,0,1,CH3,P3  ,1, 6.00E+0,0,1,CH4,P4  ,1, 8.05E+2,0,1,CH5,P5  ,1, 8.74E+2,0,1,CH6,P6,1, 5.01E-4,1,1,
28-02-17,21:39:37,CH1,P1  ,1, 5.75E-5,0,1,CH2,P2  ,1, 1.46E-2,0,1,CH3,P3  ,1, 6.00E+0,0,1,CH4,P4  ,1, 8.05E+2,0,1,CH5,P5  ,1, 8.73E+2,0,1,CH6,P6,1, 5.01E-4,1,1,
28-02-17,21:40:37,CH1,P1  ,1, 5.70E-5,0,1,CH2,P2  ,1, 1.46E-2,0,1,CH3,P3  ,1, 6.00E+0,0,1,CH4,P4  ,1, 8.05E+2,0,1,CH5,P5  ,1, 8.72E+2,0,1,CH6,P6,1, 5.01E-4,1,1,
28-02-17,21:41:37,CH1,P1  ,1, 5.65E-5,0,1,CH2,P2  ,1, 1.46E-2,0,1,CH3,P3  ,1, 6.00E+0,0,1,CH4,P4  ,1, 8.05E+2,0,1,CH5,P5  ,1, 8.72E+2,0,1,CH6,P6,1, 5.01E-4,1,1,
28-02-17,21:42:39,CH1,P1  ,1, 5.63E-5,0,1,CH2,P2  ,1, 1.47E-2,0,1,CH3,P3  ,1, 6.00E+0,0,1,CH4,P4  ,1, 8.05E+2,0,1,CH5,P5  ,1, 8.73E+2,0,1,CH6,P6,1, 5.01E-4,1,1,
28-02-17,21:43:39,CH1,P1  ,1, 5.58E-5,0,1,CH2,P2  ,1, 1.47E-2,0,1,CH3,P3  ,1, 6.00E+0,0,1,CH4,P4  ,1, 8.05E+2,0,1,CH5,P5  ,1, 8.73E+2,0,1,CH6,P6,1, 5.01E-4,1,1,
28-02-17,21:44:41,CH1,P1  ,1, 5.54E-5,0,1,CH2,P2  ,1, 1.48E-2,0,1,CH3,P3  ,1, 6.00E+0,0,1,CH4,P4  ,1, 8.05E+2,0,1,CH5,P5  ,1, 8.72E+2,0,1,CH6,P6,1, 5.01E-4,1,1,
28-02-17,21:45:43,CH1,P1  ,1, 5.51E-5,0,1,CH2,P2  ,1, 1.48E-2,0,1,CH3,P3  ,1, 6.00E+0,0,1,CH4,P4  ,1, 8.05E+2,0,1,CH5,P5  ,1, 8.73E+2,0,1,CH6,P6,1, 5.01E-4,1,1,
28-02-17,21:46:43,CH1,P1  ,1, 5.47E-5,0,1,CH2,P2  ,1, 1.48E-2,0,1,CH3,P3  ,1, 6.00E+0,0,1,CH4,P4  ,1, 8.05E+2,0,1,CH5,P5  ,1, 8.73E+2,0,1,CH6,P6,1, 5.01E-4,1,1,
28-02-17,21:47:43,CH1,P1  ,1, 5.41E-5,0,1,CH2,P2  ,1, 1.48E-2,0,1,CH3,P3  ,1, 6.00E+0,0,1,CH4,P4  ,1, 8.05E+2,0,1,CH5,P5  ,1, 8.73E+2,0,1,CH6,P6,1, 5.01E-4,1,1,
28-02-17,21:48:45,CH1,P1  ,1, 5.39E-5,0,1,CH2,P2  ,1, 1.49E-2,0,1,CH3,P3  ,1, 6.00E+0,0,1,CH4,P4  ,1, 8.05E+2,0,1,CH5,P5  ,1, 8.73E+2,0,1,CH6,P6,1, 5.01E-4,1,1,
28-02-17,21:49:45,CH1,P1  ,1, 5.35E-5,0,1,CH2,P2  ,1, 1.49E-2,0,1,CH3,P3  ,1, 6.00E+0,0,1,CH4,P4  ,1, 8.05E+2,0,1,CH5,P5  ,1, 8.72E+2,0,1,CH6,P6,1, 5.01E-4,1,1,
28-02-17,21:50:47,CH1,P1  ,1, 5.31E-5,0,1,CH2,P2  ,1, 1.50E-2,0,1,CH3,P3  ,1, 6.00E+0,0,1,CH4,P4  ,1, 8.05E+2,0,1,CH5,P5  ,1, 8.74E+2,0,1,CH6,P6,1, 5.01E-4,1,1,
28-02-17,21:51:49,CH1,P1  ,1, 5.28E-5,0,1,CH2,P2  ,1, 1.50E-2,0,1,CH3,P3  ,1, 6.00E+0,0,1,CH4,P4  ,1, 8.05E+2,0,1,CH5,P5  ,1, 8.72E+2,0,1,CH6,P6,1, 5.01E-4,1,1,
28-02-17,21:52:49,CH1,P1  ,1, 5.24E-5,0,1,CH2,P2  ,1, 1.51E-2,0,1,CH3,P3  ,1, 6.00E+0,0,1,CH4,P4  ,1, 8.05E+2,0,1,CH5,P5  ,1, 8.73E+2,0,1,CH6,P6,1, 5.01E-4,1,1,
28-02-17,21:53:51,CH1,P1  ,1, 5.21E-5,0,1,CH2,P2  ,1, 1.51E-2,0,1,CH3,P3  ,1, 6.00E+0,0,1,CH4,P4  ,1, 8.05E+2,0,1,CH5,P5  ,1, 8.73E+2,0,1,CH6,P6,1, 5.01E-4,1,1,
28-02-17,21:54:51,CH1,P1  ,1, 5.17E-5,0,1,CH2,P2  ,1, 1.52E-2,0,1,CH3,P3  ,1, 6.00E+0,0,1,CH4,P4  ,1, 8.05E+2,0,1,CH5,P5  ,1, 8.73E+2,0,1,CH6,P6,1, 5.01E-4,1,1,
28-02-17,21:55:53,CH1,P1  ,1, 5.15E-5,0,1,CH2,P2  ,1, 1.52E-2,0,1,CH3,P3  ,1, 6.00E+0,0,1,CH4,P4  ,1, 8.05E+2,0,1,CH5,P5  ,1, 8.73E+2,0,1,CH6,P6,1, 5.01E-4,1,1,
28-02-17,21:56:53,CH1,P1  ,1, 5.13E-5,0,1,CH2,P2  ,1, 1.52E-2,0,1,CH3,P3  ,1, 6.00E+0,0,1,CH4,P4  ,1, 8.05E+2,0,1,CH5,P5  ,1, 8.73E+2,0,1,CH6,P6,1, 5.01E-4,1,1,
28-02-17,21:57:53,CH1,P1  ,1, 5.08E-5,0,1,CH2,P2  ,1, 1.52E-2,0,1,CH3,P3  ,1, 6.00E+0,0,1,CH4,P4  ,1, 8.05E+2,0,1,CH5,P5  ,1, 8.72E+2,0,1,CH6,P6,1, 5.01E-4,1,1,
28-02-17,21:58:55,CH1,P1  ,1, 5.07E-5,0,1,CH2,P2  ,1, 1.52E-2,0,1,CH3,P3  ,1, 6.00E+0,0,1,CH4,P4  ,1, 8.05E+2,0,1,CH5,P5  ,1, 8.73E+2,0,1,CH6,P6,1, 5.01E-4,1,1,
28-02-17,21:59:57,CH1,P1  ,1, 5.03E-5,0,1,CH2,P2  ,1, 1.53E-2,0,1,CH3,P3  ,1, 6.00E+0,0,1,CH4,P4  ,1, 8.05E+2,0,1,CH5,P5  ,1, 8.73E+2,0,1,CH6,P6,1, 5.01E-4,1,1,
28-02-17,22:00:57,CH1,P1  ,1, 5.00E-5,0,1,CH2,P2  ,1, 1.54E-2,0,1,CH3,P3  ,1, 6.00E+0,0,1,CH4,P4  ,1, 8.05E+2,0,1,CH5,P5  ,1, 8.72E+2,0,1,CH6,P6,1, 5.01E-4,1,1,
28-02-17,22:01:59,CH1,P1  ,1, 4.97E-5,0,1,CH2,P2  ,1, 1.54E-2,0,1,CH3,P3  ,1, 6.00E+0,0,1,CH4,P4  ,1, 8.05E+2,0,1,CH5,P5  ,1, 8.72E+2,0,1,CH6,P6,1, 5.01E-4,1,1,
28-02-17,22:03:01,CH1,P1  ,1, 4.93E-5,0,1,CH2,P2  ,1, 1.54E-2,0,1,CH3,P3  ,1, 6.00E+0,0,1,CH4,P4  ,1, 8.05E+2,0,1,CH5,P5  ,1, 8.72E+2,0,1,CH6,P6,1, 5.01E-4,1,1,
28-02-17,22:04:01,CH1,P1  ,1, 4.89E-5,0,1,CH2,P2  ,1, 1.54E-2,0,1,CH3,P3  ,1, 6.00E+0,0,1,CH4,P4  ,1, 8.05E+2,0,1,CH5,P5  ,1, 8.72E+2,0,1,CH6,P6,1, 5.01E-4,1,1,
28-02-17,22:05:03,CH1,P1  ,1, 4.87E-5,0,1,CH2,P2  ,1, 1.55E-2,0,1,CH3,P3  ,1, 6.00E+0,0,1,CH4,P4  ,1, 8.05E+2,0,1,CH5,P5  ,1, 8.72E+2,0,1,CH6,P6,1, 5.01E-4,1,1,
28-02-17,22:06:05,CH1,P1  ,1, 4.84E-5,0,1,CH2,P2  ,1, 1.55E-2,0,1,CH3,P3  ,1, 6.00E+0,0,1,CH4,P4  ,1, 8.05E+2,0,1,CH5,P5  ,1, 8.72E+2,0,1,CH6,P6,1, 5.01E-4,1,1,
28-02-17,22:07:07,CH1,P1  ,1, 4.80E-5,0,1,CH2,P2  ,1, 1.55E-2,0,1,CH3,P3  ,1, 6.00E+0,0,1,CH4,P4  ,1, 8.05E+2,0,1,CH5,P5  ,1, 8.72E+2,0,1,CH6,P6,1, 5.01E-4,1,1,
28-02-17,22:08:09,CH1,P1  ,1, 4.78E-5,0,1,CH2,P2  ,1, 1.56E-2,0,1,CH3,P3  ,1, 6.00E+0,0,1,CH4,P4  ,1, 8.05E+2,0,1,CH5,P5  ,1, 8.72E+2,0,1,CH6,P6,1, 5.01E-4,1,1,
28-02-17,22:09:11,CH1,P1  ,1, 4.72E-5,0,1,CH2,P2  ,1, 1.56E-2,0,1,CH3,P3  ,1, 6.00E+0,0,1,CH4,P4  ,1, 8.05E+2,0,1,CH5,P5  ,1, 8.72E+2,0,1,CH6,P6,1, 5.01E-4,1,1,
28-02-17,22:10:13,CH1,P1  ,1, 4.70E-5,0,1,CH2,P2  ,1, 1.57E-2,0,1,CH3,P3  ,1, 6.00E+0,0,1,CH4,P4  ,1, 8.05E+2,0,1,CH5,P5  ,1, 8.73E+2,0,1,CH6,P6,1, 5.01E-4,1,1,
28-02-17,22:11:13,CH1,P1  ,1, 4.68E-5,0,1,CH2,P2  ,1, 1.57E-2,0,1,CH3,P3  ,1, 6.00E+0,0,1,CH4,P4  ,1, 8.05E+2,0,1,CH5,P5  ,1, 8.74E+2,0,1,CH6,P6,1, 5.01E-4,1,1,
28-02-17,22:12:15,CH1,P1  ,1, 4.65E-5,0,1,CH2,P2  ,1, 1.57E-2,0,1,CH3,P3  ,1, 6.00E+0,0,1,CH4,P4  ,1, 8.05E+2,0,1,CH5,P5  ,1, 8.74E+2,0,1,CH6,P6,1, 5.01E-4,1,1,
28-02-17,22:13:17,CH1,P1  ,1, 4.65E-5,0,1,CH2,P2  ,1, 1.58E-2,0,1,CH3,P3  ,1, 6.00E+0,0,1,CH4,P4  ,1, 8.05E+2,0,1,CH5,P5  ,1, 8.73E+2,0,1,CH6,P6,1, 5.01E-4,1,1,
28-02-17,22:14:19,CH1,P1  ,1, 4.63E-5,0,1,CH2,P2  ,1, 1.58E-2,0,1,CH3,P3  ,1, 6.00E+0,0,1,CH4,P4  ,1, 8.05E+2,0,1,CH5,P5  ,1, 8.73E+2,0,1,CH6,P6,1, 5.01E-4,1,1,
28-02-17,22:15:21,CH1,P1  ,1, 4.60E-5,0,1,CH2,P2  ,1, 1.58E-2,0,1,CH3,P3  ,1, 6.00E+0,0,1,CH4,P4  ,1, 8.05E+2,0,1,CH5,P5  ,1, 8.73E+2,0,1,CH6,P6,1, 5.01E-4,1,1,
28-02-17,22:16:23,CH1,P1  ,1, 4.56E-5,0,1,CH2,P2  ,1, 1.59E-2,0,1,CH3,P3  ,1, 6.00E+0,0,1,CH4,P4  ,1, 8.05E+2,0,1,CH5,P5  ,1, 8.73E+2,0,1,CH6,P6,1, 5.01E-4,1,1,
28-02-17,22:17:25,CH1,P1  ,1, 4.55E-5,0,1,CH2,P2  ,1, 1.59E-2,0,1,CH3,P3  ,1, 6.00E+0,0,1,CH4,P4  ,1, 8.05E+2,0,1,CH5,P5  ,1, 8.72E+2,0,1,CH6,P6,1, 5.01E-4,1,1,
28-02-17,22:18:25,CH1,P1  ,1, 4.50E-5,0,1,CH2,P2  ,1, 1.59E-2,0,1,CH3,P3  ,1, 6.00E+0,0,1,CH4,P4  ,1, 8.05E+2,0,1,CH5,P5  ,1, 8.73E+2,0,1,CH6,P6,1, 5.01E-4,1,1,
28-02-17,22:19:27,CH1,P1  ,1, 4.47E-5,0,1,CH2,P2  ,1, 1.60E-2,0,1,CH3,P3  ,1, 6.00E+0,0,1,CH4,P4  ,1, 8.05E+2,0,1,CH5,P5  ,1, 8.73E+2,0,1,CH6,P6,1, 5.01E-4,1,1,
28-02-17,22:20:27,CH1,P1  ,1, 4.44E-5,0,1,CH2,P2  ,1, 1.60E-2,0,1,CH3,P3  ,1, 6.00E+0,0,1,CH4,P4  ,1, 8.05E+2,0,1,CH5,P5  ,1, 8.73E+2,0,1,CH6,P6,1, 5.01E-4,1,1,
28-02-17,22:21:29,CH1,P1  ,1, 4.40E-5,0,1,CH2,P2  ,1, 1.61E-2,0,1,CH3,P3  ,1, 6.00E+0,0,1,CH4,P4  ,1, 8.05E+2,0,1,CH5,P5  ,1, 8.74E+2,0,1,CH6,P6,1, 5.01E-4,1,1,
28-02-17,22:22:29,CH1,P1  ,1, 4.39E-5,0,1,CH2,P2  ,1, 1.61E-2,0,1,CH3,P3  ,1, 6.00E+0,0,1,CH4,P4  ,1, 8.04E+2,0,1,CH5,P5  ,1, 8.73E+2,0,1,CH6,P6,1, 5.01E-4,1,1,
28-02-17,22:23:29,CH1,P1  ,1, 4.36E-5,0,1,CH2,P2  ,1, 1.61E-2,0,1,CH3,P3  ,1, 6.00E+0,0,1,CH4,P4  ,1, 8.05E+2,0,1,CH5,P5  ,1, 8.73E+2,0,1,CH6,P6,1, 5.01E-4,1,1,
28-02-17,22:24:29,CH1,P1  ,1, 4.33E-5,0,1,CH2,P2  ,1, 1.61E-2,0,1,CH3,P3  ,1, 6.00E+0,0,1,CH4,P4  ,1, 8.04E+2,0,1,CH5,P5  ,1, 8.73E+2,0,1,CH6,P6,1, 5.01E-4,1,1,
28-02-17,22:25:31,CH1,P1  ,1, 4.30E-5,0,1,CH2,P2  ,1, 1.62E-2,0,1,CH3,P3  ,1, 6.00E+0,0,1,CH4,P4  ,1, 8.04E+2,0,1,CH5,P5  ,1, 8.73E+2,0,1,CH6,P6,1, 5.01E-4,1,1,
28-02-17,22:26:33,CH1,P1  ,1, 4.27E-5,0,1,CH2,P2  ,1, 1.62E-2,0,1,CH3,P3  ,1, 6.00E+0,0,1,CH4,P4  ,1, 8.04E+2,0,1,CH5,P5  ,1, 8.73E+2,0,1,CH6,P6,1, 5.01E-4,1,1,
28-02-17,22:27:35,CH1,P1  ,1, 4.25E-5,0,1,CH2,P2  ,1, 1.62E-2,0,1,CH3,P3  ,1, 6.00E+0,0,1,CH4,P4  ,1, 8.04E+2,0,1,CH5,P5  ,1, 8.72E+2,0,1,CH6,P6,1, 5.01E-4,1,1,
28-02-17,22:28:35,CH1,P1  ,1, 4.24E-5,0,1,CH2,P2  ,1, 1.63E-2,0,1,CH3,P3  ,1, 6.00E+0,0,1,CH4,P4  ,1, 8.04E+2,0,1,CH5,P5  ,1, 8.73E+2,0,1,CH6,P6,1, 5.01E-4,1,1,
28-02-17,22:29:37,CH1,P1  ,1, 4.23E-5,0,1,CH2,P2  ,1, 1.63E-2,0,1,CH3,P3  ,1, 6.00E+0,0,1,CH4,P4  ,1, 8.04E+2,0,1,CH5,P5  ,1, 8.73E+2,0,1,CH6,P6,1, 5.01E-4,1,1,
28-02-17,22:30:37,CH1,P1  ,1, 4.19E-5,0,1,CH2,P2  ,1, 1.64E-2,0,1,CH3,P3  ,1, 6.00E+0,0,1,CH4,P4  ,1, 8.04E+2,0,1,CH5,P5  ,1, 8.72E+2,0,1,CH6,P6,1, 5.01E-4,1,1,
28-02-17,22:31:37,CH1,P1  ,1, 4.16E-5,0,1,CH2,P2  ,1, 1.64E-2,0,1,CH3,P3  ,1, 6.00E+0,0,1,CH4,P4  ,1, 8.04E+2,0,1,CH5,P5  ,1, 8.72E+2,0,1,CH6,P6,1, 5.01E-4,1,1,
28-02-17,22:32:39,CH1,P1  ,1, 4.14E-5,0,1,CH2,P2  ,1, 1.64E-2,0,1,CH3,P3  ,1, 6.00E+0,0,1,CH4,P4  ,1, 8.04E+2,0,1,CH5,P5  ,1, 8.73E+2,0,1,CH6,P6,1, 5.01E-4,1,1,
28-02-17,22:33:39,CH1,P1  ,1, 4.11E-5,0,1,CH2,P2  ,1, 1.64E-2,0,1,CH3,P3  ,1, 6.00E+0,0,1,CH4,P4  ,1, 8.04E+2,0,1,CH5,P5  ,1, 8.73E+2,0,1,CH6,P6,1, 5.01E-4,1,1,
28-02-17,22:34:41,CH1,P1  ,1, 4.10E-5,0,1,CH2,P2  ,1, 1.64E-2,0,1,CH3,P3  ,1, 6.00E+0,0,1,CH4,P4  ,1, 8.04E+2,0,1,CH5,P5  ,1, 8.73E+2,0,1,CH6,P6,1, 5.01E-4,1,1,
28-02-17,22:35:43,CH1,P1  ,1, 4.07E-5,0,1,CH2,P2  ,1, 1.65E-2,0,1,CH3,P3  ,1, 7.00E+0,0,1,CH4,P4  ,1, 8.04E+2,0,1,CH5,P5  ,1, 8.72E+2,0,1,CH6,P6,1, 5.01E-4,1,1,
28-02-17,22:36:43,CH1,P1  ,1, 4.06E-5,0,1,CH2,P2  ,1, 1.66E-2,0,1,CH3,P3  ,1, 6.00E+0,0,1,CH4,P4  ,1, 8.04E+2,0,1,CH5,P5  ,1, 8.73E+2,0,1,CH6,P6,1, 5.01E-4,1,1,
28-02-17,22:37:45,CH1,P1  ,1, 4.03E-5,0,1,CH2,P2  ,1, 1.66E-2,0,1,CH3,P3  ,1, 6.00E+0,0,1,CH4,P4  ,1, 8.04E+2,0,1,CH5,P5  ,1, 8.73E+2,0,1,CH6,P6,1, 5.01E-4,1,1,
28-02-17,22:38:45,CH1,P1  ,1, 4.01E-5,0,1,CH2,P2  ,1, 1.67E-2,0,1,CH3,P3  ,1, 6.00E+0,0,1,CH4,P4  ,1, 8.04E+2,0,1,CH5,P5  ,1, 8.73E+2,0,1,CH6,P6,1, 5.01E-4,1,1,
28-02-17,22:39:45,CH1,P1  ,1, 3.99E-5,0,1,CH2,P2  ,1, 1.67E-2,0,1,CH3,P3  ,1, 6.00E+0,0,1,CH4,P4  ,1, 8.04E+2,0,1,CH5,P5  ,1, 8.73E+2,0,1,CH6,P6,1, 5.01E-4,1,1,
28-02-17,22:40:47,CH1,P1  ,1, 3.97E-5,0,1,CH2,P2  ,1, 1.67E-2,0,1,CH3,P3  ,1, 6.00E+0,0,1,CH4,P4  ,1, 8.04E+2,0,1,CH5,P5  ,1, 8.73E+2,0,1,CH6,P6,1, 5.01E-4,1,1,
28-02-17,22:41:47,CH1,P1  ,1, 3.95E-5,0,1,CH2,P2  ,1, 1.67E-2,0,1,CH3,P3  ,1, 6.00E+0,0,1,CH4,P4  ,1, 8.04E+2,0,1,CH5,P5  ,1, 8.73E+2,0,1,CH6,P6,1, 5.01E-4,1,1,
28-02-17,22:42:47,CH1,P1  ,1, 3.92E-5,0,1,CH2,P2  ,1, 1.67E-2,0,1,CH3,P3  ,1, 6.00E+0,0,1,CH4,P4  ,1, 8.04E+2,0,1,CH5,P5  ,1, 8.72E+2,0,1,CH6,P6,1, 5.01E-4,1,1,
28-02-17,22:43:49,CH1,P1  ,1, 3.91E-5,0,1,CH2,P2  ,1, 1.68E-2,0,1,CH3,P3  ,1, 6.00E+0,0,1,CH4,P4  ,1, 8.04E+2,0,1,CH5,P5  ,1, 8.73E+2,0,1,CH6,P6,1, 5.01E-4,1,1,
28-02-17,22:44:51,CH1,P1  ,1, 3.89E-5,0,1,CH2,P2  ,1, 1.68E-2,0,1,CH3,P3  ,1, 6.00E+0,0,1,CH4,P4  ,1, 8.04E+2,0,1,CH5,P5  ,1, 8.72E+2,0,1,CH6,P6,1, 5.01E-4,1,1,
28-02-17,22:45:53,CH1,P1  ,1, 3.86E-5,0,1,CH2,P2  ,1, 1.69E-2,0,1,CH3,P3  ,1, 6.00E+0,0,1,CH4,P4  ,1, 8.04E+2,0,1,CH5,P5  ,1, 8.73E+2,0,1,CH6,P6,1, 5.01E-4,1,1,
28-02-17,22:46:53,CH1,P1  ,1, 3.84E-5,0,1,CH2,P2  ,1, 1.69E-2,0,1,CH3,P3  ,1, 6.00E+0,0,1,CH4,P4  ,1, 8.04E+2,0,1,CH5,P5  ,1, 8.74E+2,0,1,CH6,P6,1, 5.01E-4,1,1,
28-02-17,22:47:53,CH1,P1  ,1, 3.84E-5,0,1,CH2,P2  ,1, 1.70E-2,0,1,CH3,P3  ,1, 6.00E+0,0,1,CH4,P4  ,1, 8.04E+2,0,1,CH5,P5  ,1, 8.72E+2,0,1,CH6,P6,1, 5.01E-4,1,1,
28-02-17,22:48:55,CH1,P1  ,1, 3.81E-5,0,1,CH2,P2  ,1, 1.70E-2,0,1,CH3,P3  ,1, 6.00E+0,0,1,CH4,P4  ,1, 8.04E+2,0,1,CH5,P5  ,1, 8.72E+2,0,1,CH6,P6,1, 5.01E-4,1,1,
28-02-17,22:49:57,CH1,P1  ,1, 3.80E-5,0,1,CH2,P2  ,1, 1.70E-2,0,1,CH3,P3  ,1, 6.00E+0,0,1,CH4,P4  ,1, 8.04E+2,0,1,CH5,P5  ,1, 8.72E+2,0,1,CH6,P6,1, 5.01E-4,1,1,
28-02-17,22:50:57,CH1,P1  ,1, 3.77E-5,0,1,CH2,P2  ,1, 1.70E-2,0,1,CH3,P3  ,1, 6.00E+0,0,1,CH4,P4  ,1, 8.04E+2,0,1,CH5,P5  ,1, 8.73E+2,0,1,CH6,P6,1, 5.01E-4,1,1,
28-02-17,22:51:59,CH1,P1  ,1, 3.76E-5,0,1,CH2,P2  ,1, 1.71E-2,0,1,CH3,P3  ,1, 6.00E+0,0,1,CH4,P4  ,1, 8.04E+2,0,1,CH5,P5  ,1, 8.73E+2,0,1,CH6,P6,1, 5.01E-4,1,1,
28-02-17,22:52:59,CH1,P1  ,1, 3.73E-5,0,1,CH2,P2  ,1, 1.71E-2,0,1,CH3,P3  ,1, 6.00E+0,0,1,CH4,P4  ,1, 8.04E+2,0,1,CH5,P5  ,1, 8.73E+2,0,1,CH6,P6,1, 5.01E-4,1,1,
28-02-17,22:54:01,CH1,P1  ,1, 3.72E-5,0,1,CH2,P2  ,1, 1.72E-2,0,1,CH3,P3  ,1, 6.00E+0,0,1,CH4,P4  ,1, 8.04E+2,0,1,CH5,P5  ,1, 8.73E+2,0,1,CH6,P6,1, 5.01E-4,1,1,
28-02-17,22:55:03,CH1,P1  ,1, 3.70E-5,0,1,CH2,P2  ,1, 1.72E-2,0,1,CH3,P3  ,1, 6.00E+0,0,1,CH4,P4  ,1, 8.04E+2,0,1,CH5,P5  ,1, 8.73E+2,0,1,CH6,P6,1, 5.01E-4,1,1,
28-02-17,22:56:05,CH1,P1  ,1, 3.68E-5,0,1,CH2,P2  ,1, 1.72E-2,0,1,CH3,P3  ,1, 6.00E+0,0,1,CH4,P4  ,1, 8.04E+2,0,1,CH5,P5  ,1, 8.73E+2,0,1,CH6,P6,1, 5.01E-4,1,1,
28-02-17,22:57:05,CH1,P1  ,1, 3.67E-5,0,1,CH2,P2  ,1, 1.73E-2,0,1,CH3,P3  ,1, 6.00E+0,0,1,CH4,P4  ,1, 8.04E+2,0,1,CH5,P5  ,1, 8.72E+2,0,1,CH6,P6,1, 5.01E-4,1,1,
28-02-17,22:58:05,CH1,P1  ,1, 3.64E-5,0,1,CH2,P2  ,1, 1.73E-2,0,1,CH3,P3  ,1, 6.00E+0,0,1,CH4,P4  ,1, 8.04E+2,0,1,CH5,P5  ,1, 8.72E+2,0,1,CH6,P6,1, 5.01E-4,1,1,
28-02-17,22:59:05,CH1,P1  ,1, 3.63E-5,0,1,CH2,P2  ,1, 1.73E-2,0,1,CH3,P3  ,1, 6.00E+0,0,1,CH4,P4  ,1, 8.04E+2,0,1,CH5,P5  ,1, 8.72E+2,0,1,CH6,P6,1, 5.01E-4,1,1,
28-02-17,23:00:07,CH1,P1  ,1, 3.60E-5,0,1,CH2,P2  ,1, 1.74E-2,0,1,CH3,P3  ,1, 6.00E+0,0,1,CH4,P4  ,1, 8.04E+2,0,1,CH5,P5  ,1, 8.73E+2,0,1,CH6,P6,1, 5.01E-4,1,1,
28-02-17,23:01:07,CH1,P1  ,1, 3.59E-5,0,1,CH2,P2  ,1, 1.74E-2,0,1,CH3,P3  ,1, 6.00E+0,0,1,CH4,P4  ,1, 8.04E+2,0,1,CH5,P5  ,1, 8.73E+2,0,1,CH6,P6,1, 5.01E-4,1,1,
28-02-17,23:02:09,CH1,P1  ,1, 3.57E-5,0,1,CH2,P2  ,1, 1.74E-2,0,1,CH3,P3  ,1, 6.00E+0,0,1,CH4,P4  ,1, 8.04E+2,0,1,CH5,P5  ,1, 8.72E+2,0,1,CH6,P6,1, 5.01E-4,1,1,
28-02-17,23:03:09,CH1,P1  ,1, 3.56E-5,0,1,CH2,P2  ,1, 1.74E-2,0,1,CH3,P3  ,1, 6.00E+0,0,1,CH4,P4  ,1, 8.04E+2,0,1,CH5,P5  ,1, 8.73E+2,0,1,CH6,P6,1, 5.01E-4,1,1,
28-02-17,23:04:11,CH1,P1  ,1, 3.54E-5,0,1,CH2,P2  ,1, 1.75E-2,0,1,CH3,P3  ,1, 6.00E+0,0,1,CH4,P4  ,1, 8.04E+2,0,1,CH5,P5  ,1, 8.72E+2,0,1,CH6,P6,1, 5.01E-4,1,1,
28-02-17,23:05:11,CH1,P1  ,1, 3.53E-5,0,1,CH2,P2  ,1, 1.75E-2,0,1,CH3,P3  ,1, 6.00E+0,0,1,CH4,P4  ,1, 8.04E+2,0,1,CH5,P5  ,1, 8.73E+2,0,1,CH6,P6,1, 5.01E-4,1,1,
28-02-17,23:06:11,CH1,P1  ,1, 3.52E-5,0,1,CH2,P2  ,1, 1.76E-2,0,1,CH3,P3  ,1, 6.00E+0,0,1,CH4,P4  ,1, 8.03E+2,0,1,CH5,P5  ,1, 8.74E+2,0,1,CH6,P6,1, 5.01E-4,1,1,
28-02-17,23:07:11,CH1,P1  ,1, 3.51E-5,0,1,CH2,P2  ,1, 1.77E-2,0,1,CH3,P3  ,1, 6.00E+0,0,1,CH4,P4  ,1, 8.03E+2,0,1,CH5,P5  ,1, 8.73E+2,0,1,CH6,P6,1, 5.01E-4,1,1,
28-02-17,23:08:13,CH1,P1  ,1, 3.49E-5,0,1,CH2,P2  ,1, 1.77E-2,0,1,CH3,P3  ,1, 6.00E+0,0,1,CH4,P4  ,1, 8.04E+2,0,1,CH5,P5  ,1, 8.73E+2,0,1,CH6,P6,1, 5.01E-4,1,1,
28-02-17,23:09:13,CH1,P1  ,1, 3.47E-5,0,1,CH2,P2  ,1, 1.77E-2,0,1,CH3,P3  ,1, 6.00E+0,0,1,CH4,P4  ,1, 8.03E+2,0,1,CH5,P5  ,1, 8.73E+2,0,1,CH6,P6,1, 5.01E-4,1,1,
28-02-17,23:10:15,CH1,P1  ,1, 3.45E-5,0,1,CH2,P2  ,1, 1.78E-2,0,1,CH3,P3  ,1, 6.00E+0,0,1,CH4,P4  ,1, 8.03E+2,0,1,CH5,P5  ,1, 8.72E+2,0,1,CH6,P6,1, 5.01E-4,1,1,
28-02-17,23:11:15,CH1,P1  ,1, 3.44E-5,0,1,CH2,P2  ,1, 1.77E-2,0,1,CH3,P3  ,1, 6.00E+0,0,1,CH4,P4  ,1, 8.03E+2,0,1,CH5,P5  ,1, 8.74E+2,0,1,CH6,P6,1, 5.01E-4,1,1,
28-02-17,23:12:17,CH1,P1  ,1, 3.41E-5,0,1,CH2,P2  ,1, 1.78E-2,0,1,CH3,P3  ,1, 6.00E+0,0,1,CH4,P4  ,1, 8.03E+2,0,1,CH5,P5  ,1, 8.73E+2,0,1,CH6,P6,1, 5.01E-4,1,1,
28-02-17,23:13:17,CH1,P1  ,1, 3.40E-5,0,1,CH2,P2  ,1, 1.78E-2,0,1,CH3,P3  ,1, 6.00E+0,0,1,CH4,P4  ,1, 8.03E+2,0,1,CH5,P5  ,1, 8.73E+2,0,1,CH6,P6,1, 5.01E-4,1,1,
28-02-17,23:14:19,CH1,P1  ,1, 3.39E-5,0,1,CH2,P2  ,1, 1.78E-2,0,1,CH3,P3  ,1, 6.00E+0,0,1,CH4,P4  ,1, 8.03E+2,0,1,CH5,P5  ,1, 8.73E+2,0,1,CH6,P6,1, 5.01E-4,1,1,
28-02-17,23:15:19,CH1,P1  ,1, 3.37E-5,0,1,CH2,P2  ,1, 1.79E-2,0,1,CH3,P3  ,1, 6.00E+0,0,1,CH4,P4  ,1, 8.03E+2,0,1,CH5,P5  ,1, 8.73E+2,0,1,CH6,P6,1, 5.01E-4,1,1,
28-02-17,23:16:19,CH1,P1  ,1, 3.36E-5,0,1,CH2,P2  ,1, 1.79E-2,0,1,CH3,P3  ,1, 6.00E+0,0,1,CH4,P4  ,1, 8.03E+2,0,1,CH5,P5  ,1, 8.73E+2,0,1,CH6,P6,1, 5.01E-4,1,1,
28-02-17,23:17:21,CH1,P1  ,1, 3.33E-5,0,1,CH2,P2  ,1, 1.80E-2,0,1,CH3,P3  ,1, 6.00E+0,0,1,CH4,P4  ,1, 8.03E+2,0,1,CH5,P5  ,1, 8.73E+2,0,1,CH6,P6,1, 5.01E-4,1,1,
28-02-17,23:18:23,CH1,P1  ,1, 3.30E-5,0,1,CH2,P2  ,1, 1.80E-2,0,1,CH3,P3  ,1, 6.00E+0,0,1,CH4,P4  ,1, 8.03E+2,0,1,CH5,P5  ,1, 8.74E+2,0,1,CH6,P6,1, 5.01E-4,1,1,
28-02-17,23:19:23,CH1,P1  ,1, 3.29E-5,0,1,CH2,P2  ,1, 1.80E-2,0,1,CH3,P3  ,1, 6.00E+0,0,1,CH4,P4  ,1, 8.03E+2,0,1,CH5,P5  ,1, 8.72E+2,0,1,CH6,P6,1, 5.01E-4,1,1,
28-02-17,23:20:25,CH1,P1  ,1, 3.27E-5,0,1,CH2,P2  ,1, 1.80E-2,0,1,CH3,P3  ,1, 6.00E+0,0,1,CH4,P4  ,1, 8.03E+2,0,1,CH5,P5  ,1, 8.73E+2,0,1,CH6,P6,1, 5.01E-4,1,1,
28-02-17,23:21:25,CH1,P1  ,1, 3.26E-5,0,1,CH2,P2  ,1, 1.81E-2,0,1,CH3,P3  ,1, 6.00E+0,0,1,CH4,P4  ,1, 8.03E+2,0,1,CH5,P5  ,1, 8.73E+2,0,1,CH6,P6,1, 5.01E-4,1,1,
28-02-17,23:22:27,CH1,P1  ,1, 3.25E-5,0,1,CH2,P2  ,1, 1.81E-2,0,1,CH3,P3  ,1, 6.00E+0,0,1,CH4,P4  ,1, 8.03E+2,0,1,CH5,P5  ,1, 8.73E+2,0,1,CH6,P6,1, 5.01E-4,1,1,
28-02-17,23:23:29,CH1,P1  ,1, 3.24E-5,0,1,CH2,P2  ,1, 1.82E-2,0,1,CH3,P3  ,1, 6.00E+0,0,1,CH4,P4  ,1, 8.03E+2,0,1,CH5,P5  ,1, 8.73E+2,0,1,CH6,P6,1, 5.01E-4,1,1,
28-02-17,23:24:31,CH1,P1  ,1, 3.22E-5,0,1,CH2,P2  ,1, 1.82E-2,0,1,CH3,P3  ,1, 6.00E+0,0,1,CH4,P4  ,1, 8.03E+2,0,1,CH5,P5  ,1, 8.73E+2,0,1,CH6,P6,1, 5.01E-4,1,1,
28-02-17,23:25:31,CH1,P1  ,1, 3.20E-5,0,1,CH2,P2  ,1, 1.83E-2,0,1,CH3,P3  ,1, 6.00E+0,0,1,CH4,P4  ,1, 8.03E+2,0,1,CH5,P5  ,1, 8.72E+2,0,1,CH6,P6,1, 5.01E-4,1,1,
28-02-17,23:26:33,CH1,P1  ,1, 3.20E-5,0,1,CH2,P2  ,1, 1.83E-2,0,1,CH3,P3  ,1, 6.00E+0,0,1,CH4,P4  ,1, 8.03E+2,0,1,CH5,P5  ,1, 8.73E+2,0,1,CH6,P6,1, 5.01E-4,1,1,
28-02-17,23:27:35,CH1,P1  ,1, 3.20E-5,0,1,CH2,P2  ,1, 1.84E-2,0,1,CH3,P3  ,1, 7.00E+0,0,1,CH4,P4  ,1, 8.03E+2,0,1,CH5,P5  ,1, 8.73E+2,0,1,CH6,P6,1, 5.01E-4,1,1,
28-02-17,23:28:35,CH1,P1  ,1, 3.19E-5,0,1,CH2,P2  ,1, 1.84E-2,0,1,CH3,P3  ,1, 6.00E+0,0,1,CH4,P4  ,1, 8.03E+2,0,1,CH5,P5  ,1, 8.73E+2,0,1,CH6,P6,1, 5.01E-4,1,1,
28-02-17,23:29:37,CH1,P1  ,1, 3.16E-5,0,1,CH2,P2  ,1, 1.84E-2,0,1,CH3,P3  ,1, 6.00E+0,0,1,CH4,P4  ,1, 8.03E+2,0,1,CH5,P5  ,1, 8.72E+2,0,1,CH6,P6,1, 5.01E-4,1,1,
28-02-17,23:30:37,CH1,P1  ,1, 3.14E-5,0,1,CH2,P2  ,1, 1.84E-2,0,1,CH3,P3  ,1, 6.00E+0,0,1,CH4,P4  ,1, 8.03E+2,0,1,CH5,P5  ,1, 8.72E+2,0,1,CH6,P6,1, 5.01E-4,1,1,
28-02-17,23:31:39,CH1,P1  ,1, 3.13E-5,0,1,CH2,P2  ,1, 1.84E-2,0,1,CH3,P3  ,1, 6.00E+0,0,1,CH4,P4  ,1, 8.03E+2,0,1,CH5,P5  ,1, 8.73E+2,0,1,CH6,P6,1, 5.01E-4,1,1,
28-02-17,23:32:41,CH1,P1  ,1, 3.12E-5,0,1,CH2,P2  ,1, 1.85E-2,0,1,CH3,P3  ,1, 6.00E+0,0,1,CH4,P4  ,1, 8.03E+2,0,1,CH5,P5  ,1, 8.73E+2,0,1,CH6,P6,1, 5.01E-4,1,1,
28-02-17,23:33:43,CH1,P1  ,1, 3.10E-5,0,1,CH2,P2  ,1, 1.86E-2,0,1,CH3,P3  ,1, 6.00E+0,0,1,CH4,P4  ,1, 8.03E+2,0,1,CH5,P5  ,1, 8.73E+2,0,1,CH6,P6,1, 5.01E-4,1,1,
28-02-17,23:34:45,CH1,P1  ,1, 3.09E-5,0,1,CH2,P2  ,1, 1.86E-2,0,1,CH3,P3  ,1, 6.00E+0,0,1,CH4,P4  ,1, 8.03E+2,0,1,CH5,P5  ,1, 8.74E+2,0,1,CH6,P6,1, 5.01E-4,1,1,
28-02-17,23:35:45,CH1,P1  ,1, 3.07E-5,0,1,CH2,P2  ,1, 1.86E-2,0,1,CH3,P3  ,1, 6.00E+0,0,1,CH4,P4  ,1, 8.03E+2,0,1,CH5,P5  ,1, 8.73E+2,0,1,CH6,P6,1, 5.01E-4,1,1,
28-02-17,23:36:45,CH1,P1  ,1, 3.05E-5,0,1,CH2,P2  ,1, 1.87E-2,0,1,CH3,P3  ,1, 6.00E+0,0,1,CH4,P4  ,1, 8.03E+2,0,1,CH5,P5  ,1, 8.76E+2,0,1,CH6,P6,1, 5.01E-4,1,1,
28-02-17,23:37:47,CH1,P1  ,1, 3.05E-5,0,1,CH2,P2  ,1, 1.87E-2,0,1,CH3,P3  ,1, 7.00E+0,0,1,CH4,P4  ,1, 8.03E+2,0,1,CH5,P5  ,1, 8.73E+2,0,1,CH6,P6,1, 5.01E-4,1,1,
28-02-17,23:38:49,CH1,P1  ,1, 3.03E-5,0,1,CH2,P2  ,1, 1.87E-2,0,1,CH3,P3  ,1, 7.00E+0,0,1,CH4,P4  ,1, 8.03E+2,0,1,CH5,P5  ,1, 8.72E+2,0,1,CH6,P6,1, 5.01E-4,1,1,
28-02-17,23:39:51,CH1,P1  ,1, 3.02E-5,0,1,CH2,P2  ,1, 1.87E-2,0,1,CH3,P3  ,1, 6.00E+0,0,1,CH4,P4  ,1, 8.03E+2,0,1,CH5,P5  ,1, 8.73E+2,0,1,CH6,P6,1, 5.01E-4,1,1,
28-02-17,23:40:51,CH1,P1  ,1, 3.01E-5,0,1,CH2,P2  ,1, 1.87E-2,0,1,CH3,P3  ,1, 6.00E+0,0,1,CH4,P4  ,1, 8.03E+2,0,1,CH5,P5  ,1, 8.75E+2,0,1,CH6,P6,1, 5.01E-4,1,1,
28-02-17,23:41:53,CH1,P1  ,1, 3.00E-5,0,1,CH2,P2  ,1, 1.88E-2,0,1,CH3,P3  ,1, 7.00E+0,0,1,CH4,P4  ,1, 8.03E+2,0,1,CH5,P5  ,1, 8.73E+2,0,1,CH6,P6,1, 5.01E-4,1,1,
28-02-17,23:42:53,CH1,P1  ,1, 2.99E-5,0,1,CH2,P2  ,1, 1.88E-2,0,1,CH3,P3  ,1, 6.00E+0,0,1,CH4,P4  ,1, 8.03E+2,0,1,CH5,P5  ,1, 8.75E+2,0,1,CH6,P6,1, 5.01E-4,1,1,
28-02-17,23:43:55,CH1,P1  ,1, 2.97E-5,0,1,CH2,P2  ,1, 1.89E-2,0,1,CH3,P3  ,1, 6.00E+0,0,1,CH4,P4  ,1, 8.03E+2,0,1,CH5,P5  ,1, 8.73E+2,0,1,CH6,P6,1, 5.01E-4,1,1,
28-02-17,23:44:57,CH1,P1  ,1, 2.96E-5,0,1,CH2,P2  ,1, 1.89E-2,0,1,CH3,P3  ,1, 6.00E+0,0,1,CH4,P4  ,1, 8.03E+2,0,1,CH5,P5  ,1, 8.75E+2,0,1,CH6,P6,1, 5.01E-4,1,1,
28-02-17,23:45:57,CH1,P1  ,1, 2.96E-5,0,1,CH2,P2  ,1, 1.90E-2,0,1,CH3,P3  ,1, 6.00E+0,0,1,CH4,P4  ,1, 8.03E+2,0,1,CH5,P5  ,1, 8.73E+2,0,1,CH6,P6,1, 5.01E-4,1,1,
28-02-17,23:46:59,CH1,P1  ,1, 2.93E-5,0,1,CH2,P2  ,1, 1.90E-2,0,1,CH3,P3  ,1, 6.00E+0,0,1,CH4,P4  ,1, 8.03E+2,0,1,CH5,P5  ,1, 8.73E+2,0,1,CH6,P6,1, 5.01E-4,1,1,
28-02-17,23:48:01,CH1,P1  ,1, 2.93E-5,0,1,CH2,P2  ,1, 1.91E-2,0,1,CH3,P3  ,1, 6.00E+0,0,1,CH4,P4  ,1, 8.03E+2,0,1,CH5,P5  ,1, 8.73E+2,0,1,CH6,P6,1, 5.01E-4,1,1,
28-02-17,23:49:01,CH1,P1  ,1, 2.93E-5,0,1,CH2,P2  ,1, 1.90E-2,0,1,CH3,P3  ,1, 6.00E+0,0,1,CH4,P4  ,1, 8.03E+2,0,1,CH5,P5  ,1, 8.73E+2,0,1,CH6,P6,1, 5.01E-4,1,1,
28-02-17,23:50:01,CH1,P1  ,1, 3.01E-5,0,1,CH2,P2  ,1, 1.91E-2,0,1,CH3,P3  ,1, 6.00E+0,0,1,CH4,P4  ,1, 8.03E+2,0,1,CH5,P5  ,1, 8.72E+2,0,1,CH6,P6,1, 5.01E-4,1,1,
28-02-17,23:51:03,CH1,P1  ,1, 3.02E-5,0,1,CH2,P2  ,1, 1.91E-2,0,1,CH3,P3  ,1, 6.00E+0,0,1,CH4,P4  ,1, 8.03E+2,0,1,CH5,P5  ,1, 8.73E+2,0,1,CH6,P6,1, 5.01E-4,1,1,
28-02-17,23:52:03,CH1,P1  ,1, 3.08E-5,0,1,CH2,P2  ,1, 1.91E-2,0,1,CH3,P3  ,1, 7.00E+0,0,1,CH4,P4  ,1, 8.03E+2,0,1,CH5,P5  ,1, 8.73E+2,0,1,CH6,P6,1, 5.01E-4,1,1,
28-02-17,23:53:05,CH1,P1  ,1, 3.09E-5,0,1,CH2,P2  ,1, 1.92E-2,0,1,CH3,P3  ,1, 6.00E+0,0,1,CH4,P4  ,1, 8.03E+2,0,1,CH5,P5  ,1, 8.74E+2,0,1,CH6,P6,1, 5.01E-4,1,1,
28-02-17,23:54:05,CH1,P1  ,1, 3.09E-5,0,1,CH2,P2  ,1, 1.92E-2,0,1,CH3,P3  ,1, 6.00E+0,0,1,CH4,P4  ,1, 8.03E+2,0,1,CH5,P5  ,1, 8.73E+2,0,1,CH6,P6,1, 5.01E-4,1,1,
28-02-17,23:55:05,CH1,P1  ,1, 3.06E-5,0,1,CH2,P2  ,1, 1.92E-2,0,1,CH3,P3  ,1, 6.00E+0,0,1,CH4,P4  ,1, 8.03E+2,0,1,CH5,P5  ,1, 8.73E+2,0,1,CH6,P6,1, 5.01E-4,1,1,
28-02-17,23:56:05,CH1,P1  ,1, 3.05E-5,0,1,CH2,P2  ,1, 1.93E-2,0,1,CH3,P3  ,1, 6.00E+0,0,1,CH4,P4  ,1, 8.03E+2,0,1,CH5,P5  ,1, 8.76E+2,0,1,CH6,P6,1, 5.01E-4,1,1,
28-02-17,23:57:07,CH1,P1  ,1, 3.03E-5,0,1,CH2,P2  ,1, 1.94E-2,0,1,CH3,P3  ,1, 6.00E+0,0,1,CH4,P4  ,1, 8.03E+2,0,1,CH5,P5  ,1, 8.75E+2,0,1,CH6,P6,1, 5.01E-4,1,1,
28-02-17,23:58:07,CH1,P1  ,1, 3.00E-5,0,1,CH2,P2  ,1, 1.94E-2,0,1,CH3,P3  ,1, 6.00E+0,0,1,CH4,P4  ,1, 8.03E+2,0,1,CH5,P5  ,1, 8.73E+2,0,1,CH6,P6,1, 5.01E-4,1,1,
28-02-17,23:59:07,CH1,P1  ,1, 2.97E-5,0,1,CH2,P2  ,1, 1.94E-2,0,1,CH3,P3  ,1, 6.00E+0,0,1,CH4,P4  ,1, 8.03E+2,0,1,CH5,P5  ,1, 8.73E+2,0,1,CH6,P6,1, 5.01E-4,1,1,
